<?xml version="1.0" encoding="utf-8"?>
<CoverageSession xmlns:xsd="http://www.w3.org/2001/XMLSchema" xmlns:xsi="http://www.w3.org/2001/XMLSchema-instance">
  <Summary numSequencePoints="448" visitedSequencePoints="346" numBranchPoints="168" visitedBranchPoints="127" sequenceCoverage="77.23" branchCoverage="75.60" maxCyclomaticComplexity="19" minCyclomaticComplexity="1" visitedClasses="42" numClasses="51" visitedMethods="119" numMethods="150" />
  <Modules>
    <Module skippedDueTo="Filter" hash="78-5B-65-E3-B7-74-D1-E4-43-0B-1E-6B-2E-D8-61-76-37-73-DC-AC">
      <ModulePath>C:\Program Files\dotnet\shared\Microsoft.NETCore.App\2.1.5\System.Private.CoreLib.dll</ModulePath>
      <ModuleTime>2018-09-18T18:04:58Z</ModuleTime>
      <ModuleName>System.Private.CoreLib</ModuleName>
      <Classes />
    </Module>
    <Module skippedDueTo="Filter" hash="4F-C4-FA-FA-B8-63-DA-B0-B7-66-DA-14-30-D0-F7-71-85-36-EB-F4">
      <ModulePath>C:\Program Files\dotnet\sdk\2.1.403\dotnet.dll</ModulePath>
      <ModuleTime>2018-09-20T12:48:04Z</ModuleTime>
      <ModuleName>dotnet</ModuleName>
      <Classes />
    </Module>
    <Module skippedDueTo="Filter" hash="07-3B-7E-F7-10-B3-A8-D4-9E-D2-8C-5B-CE-55-62-9C-C7-46-DA-52">
      <ModulePath>C:\Program Files\dotnet\shared\Microsoft.NETCore.App\2.1.5\System.Runtime.dll</ModulePath>
      <ModuleTime>2018-09-18T18:04:58Z</ModuleTime>
      <ModuleName>System.Runtime</ModuleName>
      <Classes />
    </Module>
    <Module skippedDueTo="Filter" hash="D5-5B-DA-7C-23-2A-38-03-96-C7-72-BA-FB-30-F5-FF-14-80-B2-36">
      <ModulePath>C:\Program Files\dotnet\sdk\2.1.403\Microsoft.DotNet.Cli.Utils.dll</ModulePath>
      <ModuleTime>2018-09-20T12:49:54Z</ModuleTime>
      <ModuleName>Microsoft.DotNet.Cli.Utils</ModuleName>
      <Classes />
    </Module>
    <Module skippedDueTo="Filter" hash="EC-E9-B7-25-58-AA-87-DE-6F-02-F3-C6-06-8C-64-F8-CB-F8-BE-A3">
      <ModulePath>C:\Program Files\dotnet\shared\Microsoft.NETCore.App\2.1.5\netstandard.dll</ModulePath>
      <ModuleTime>2018-09-18T18:04:58Z</ModuleTime>
      <ModuleName>netstandard</ModuleName>
      <Classes />
    </Module>
    <Module skippedDueTo="Filter" hash="F2-FC-C9-67-06-2F-CE-C1-93-2D-13-D1-A6-50-35-6F-C9-62-25-43">
      <ModulePath>C:\Program Files\dotnet\shared\Microsoft.NETCore.App\2.1.5\System.Runtime.Extensions.dll</ModulePath>
      <ModuleTime>2018-09-18T18:04:58Z</ModuleTime>
      <ModuleName>System.Runtime.Extensions</ModuleName>
      <Classes />
    </Module>
    <Module skippedDueTo="Filter" hash="CC-83-80-DD-A6-8D-96-B3-B6-B8-15-06-1A-C2-19-1F-F6-D9-13-C8">
      <ModulePath>C:\Program Files\dotnet\shared\Microsoft.NETCore.App\2.1.5\System.Runtime.Loader.dll</ModulePath>
      <ModuleTime>2018-09-18T18:04:58Z</ModuleTime>
      <ModuleName>System.Runtime.Loader</ModuleName>
      <Classes />
    </Module>
    <Module skippedDueTo="Filter" hash="3F-BD-D0-C9-72-97-68-06-C6-A2-A4-8A-3C-0B-13-9A-58-65-B8-28">
      <ModulePath>C:\Program Files\dotnet\sdk\2.1.403\Microsoft.DotNet.PlatformAbstractions.dll</ModulePath>
      <ModuleTime>2018-09-20T12:49:46Z</ModuleTime>
      <ModuleName>Microsoft.DotNet.PlatformAbstractions</ModuleName>
      <Classes />
    </Module>
    <Module skippedDueTo="Filter" hash="6D-B3-BB-07-99-18-4F-19-2D-00-32-90-24-D6-A6-2F-63-FF-73-B4">
      <ModulePath>C:\Program Files\dotnet\shared\Microsoft.NETCore.App\2.1.5\System.Runtime.InteropServices.RuntimeInformation.dll</ModulePath>
      <ModuleTime>2018-09-18T18:04:58Z</ModuleTime>
      <ModuleName>System.Runtime.InteropServices.RuntimeInformation</ModuleName>
      <Classes />
    </Module>
    <Module skippedDueTo="Filter" hash="6F-F6-F4-AD-36-F1-6D-BF-2A-C4-F3-09-19-14-9E-B2-D2-EA-E3-CF">
      <ModulePath>C:\Program Files\dotnet\shared\Microsoft.NETCore.App\2.1.5\System.Runtime.InteropServices.dll</ModulePath>
      <ModuleTime>2018-09-18T18:04:58Z</ModuleTime>
      <ModuleName>System.Runtime.InteropServices</ModuleName>
      <Classes />
    </Module>
    <Module skippedDueTo="Filter" hash="AE-B7-2F-67-3C-68-95-0A-60-84-EA-FE-82-11-F8-0B-24-42-2A-3C">
      <ModulePath>C:\Program Files\dotnet\shared\Microsoft.NETCore.App\2.1.5\System.Threading.dll</ModulePath>
      <ModuleTime>2018-09-18T18:04:58Z</ModuleTime>
      <ModuleName>System.Threading</ModuleName>
      <Classes />
    </Module>
    <Module skippedDueTo="Filter" hash="0E-24-61-FE-C1-44-3E-AA-65-15-92-BB-A6-70-AA-CD-2C-09-D4-39">
      <ModulePath>C:\Program Files\dotnet\shared\Microsoft.NETCore.App\2.1.5\System.IO.FileSystem.dll</ModulePath>
      <ModuleTime>2018-09-18T18:04:56Z</ModuleTime>
      <ModuleName>System.IO.FileSystem</ModuleName>
      <Classes />
    </Module>
    <Module skippedDueTo="Filter" hash="6A-59-9A-F4-78-61-89-5E-36-DE-7C-82-02-41-32-3D-F9-8F-A8-B0">
      <ModulePath>C:\Program Files\dotnet\sdk\2.1.403\runtimes\win\lib\netcoreapp2.0\System.Text.Encoding.CodePages.dll</ModulePath>
      <ModuleTime>2018-09-20T12:48:32Z</ModuleTime>
      <ModuleName>System.Text.Encoding.CodePages</ModuleName>
      <Classes />
    </Module>
    <Module skippedDueTo="Filter" hash="AD-4B-42-A8-AA-0A-5B-64-5F-45-A4-88-6F-F0-75-D5-9C-6D-9D-40">
      <ModulePath>C:\Program Files\dotnet\shared\Microsoft.NETCore.App\2.1.5\System.Collections.dll</ModulePath>
      <ModuleTime>2018-09-18T18:04:56Z</ModuleTime>
      <ModuleName>System.Collections</ModuleName>
      <Classes />
    </Module>
    <Module skippedDueTo="Filter" hash="7F-E1-F1-E3-CB-8B-FF-26-A3-B3-B6-70-FE-D9-D5-6E-CD-8A-D4-51">
      <ModulePath>C:\Program Files\dotnet\shared\Microsoft.NETCore.App\2.1.5\System.Collections.Concurrent.dll</ModulePath>
      <ModuleTime>2018-09-18T18:04:54Z</ModuleTime>
      <ModuleName>System.Collections.Concurrent</ModuleName>
      <Classes />
    </Module>
    <Module skippedDueTo="Filter" hash="B2-BF-C7-7B-CD-20-AB-AF-26-2B-03-9A-94-2B-70-63-B5-04-A5-41">
      <ModulePath>C:\Program Files\dotnet\shared\Microsoft.NETCore.App\2.1.5\System.Threading.Thread.dll</ModulePath>
      <ModuleTime>2018-09-18T18:04:58Z</ModuleTime>
      <ModuleName>System.Threading.Thread</ModuleName>
      <Classes />
    </Module>
    <Module skippedDueTo="Filter" hash="F7-64-EC-72-0E-ED-5A-BD-B1-9B-C3-A0-08-DA-C7-0A-1C-9C-3A-AB">
      <ModulePath>C:\Program Files\dotnet\sdk\2.1.403\Microsoft.DotNet.Configurer.dll</ModulePath>
      <ModuleTime>2018-09-20T12:49:14Z</ModuleTime>
      <ModuleName>Microsoft.DotNet.Configurer</ModuleName>
      <Classes />
    </Module>
    <Module skippedDueTo="Filter" hash="AA-B3-F5-35-27-49-D6-8B-0E-31-EE-B6-0A-C2-F1-1E-DC-74-EA-0C">
      <ModulePath>C:\Program Files\dotnet\sdk\2.1.403\Microsoft.DotNet.Cli.CommandLine.dll</ModulePath>
      <ModuleTime>2018-09-20T12:49:52Z</ModuleTime>
      <ModuleName>Microsoft.DotNet.Cli.CommandLine</ModuleName>
      <Classes />
    </Module>
    <Module skippedDueTo="Filter" hash="FF-D1-B7-B0-D6-B6-DE-F7-B6-76-EE-2B-4B-F9-9E-B0-8A-B7-FF-AD">
      <ModulePath>C:\Program Files\dotnet\shared\Microsoft.NETCore.App\2.1.5\System.Diagnostics.Process.dll</ModulePath>
      <ModuleTime>2018-09-18T18:04:56Z</ModuleTime>
      <ModuleName>System.Diagnostics.Process</ModuleName>
      <Classes />
    </Module>
    <Module skippedDueTo="Filter" hash="8C-8D-9D-08-F9-EE-BF-F4-B1-CE-D5-90-6E-F9-6E-47-0E-CD-BF-72">
      <ModulePath>C:\Program Files\dotnet\sdk\2.1.403\Microsoft.DotNet.InternalAbstractions.dll</ModulePath>
      <ModuleTime>2018-09-20T12:49:20Z</ModuleTime>
      <ModuleName>Microsoft.DotNet.InternalAbstractions</ModuleName>
      <Classes />
    </Module>
    <Module skippedDueTo="Filter" hash="85-C4-E3-A3-24-8B-58-7B-77-23-D4-DF-AD-E7-32-BF-2C-1C-17-7E">
      <ModulePath>C:\Program Files\dotnet\shared\Microsoft.NETCore.App\2.1.5\System.Linq.dll</ModulePath>
      <ModuleTime>2018-09-18T18:04:56Z</ModuleTime>
      <ModuleName>System.Linq</ModuleName>
      <Classes />
    </Module>
    <Module skippedDueTo="Filter" hash="43-B5-5B-71-CA-E2-58-33-1A-81-AE-07-04-E7-3A-AB-BF-C4-FF-0C">
      <ModulePath>C:\Program Files\dotnet\sdk\2.1.403\NuGet.Frameworks.dll</ModulePath>
      <ModuleTime>2018-09-20T12:51:28Z</ModuleTime>
      <ModuleName>NuGet.Frameworks</ModuleName>
      <Classes />
    </Module>
    <Module skippedDueTo="Filter" hash="C3-ED-18-CA-70-65-81-26-E5-36-9C-31-67-35-76-F2-51-E0-53-4A">
      <ModulePath>C:\Program Files\dotnet\shared\Microsoft.NETCore.App\2.1.5\System.Console.dll</ModulePath>
      <ModuleTime>2018-09-18T18:04:56Z</ModuleTime>
      <ModuleName>System.Console</ModuleName>
      <Classes />
    </Module>
    <Module skippedDueTo="Filter" hash="92-9D-15-71-02-85-B5-30-25-0F-FA-E6-5D-C5-91-84-E8-C8-3F-46">
      <ModulePath>C:\Program Files\dotnet\shared\Microsoft.NETCore.App\2.1.5\System.IO.FileSystem.Primitives.dll</ModulePath>
      <ModuleTime>2018-09-18T18:04:56Z</ModuleTime>
      <ModuleName>System.IO.FileSystem.Primitives</ModuleName>
      <Classes />
    </Module>
    <Module skippedDueTo="Filter" hash="DD-77-1F-46-A9-50-7D-02-69-71-D9-5E-07-37-81-43-F5-EC-74-79">
      <ModulePath>C:\Program Files\dotnet\shared\Microsoft.NETCore.App\2.1.5\System.Memory.dll</ModulePath>
      <ModuleTime>2018-09-18T18:04:56Z</ModuleTime>
      <ModuleName>System.Memory</ModuleName>
      <Classes />
    </Module>
    <Module skippedDueTo="Filter" hash="54-7A-8B-D2-20-E2-B1-BB-5E-46-E7-F9-39-50-AD-D7-D1-34-89-28">
      <ModulePath>C:\Program Files\dotnet\shared\Microsoft.NETCore.App\2.1.5\System.IO.dll</ModulePath>
      <ModuleTime>2018-09-18T18:04:56Z</ModuleTime>
      <ModuleName>System.IO</ModuleName>
      <Classes />
    </Module>
    <Module skippedDueTo="Filter" hash="47-F8-FB-4C-53-2E-CA-D1-E1-37-D2-AD-7E-01-AF-70-D2-DE-90-E7">
      <ModulePath>C:\Program Files\dotnet\shared\Microsoft.NETCore.App\2.1.5\System.Text.Encoding.Extensions.dll</ModulePath>
      <ModuleTime>2018-09-18T18:04:58Z</ModuleTime>
      <ModuleName>System.Text.Encoding.Extensions</ModuleName>
      <Classes />
    </Module>
    <Module skippedDueTo="Filter" hash="FF-A9-ED-AB-4A-87-37-D6-EB-28-A1-1E-2C-92-F7-EF-DF-EB-E9-5C">
      <ModulePath>C:\Program Files\dotnet\sdk\2.1.403\Microsoft.ApplicationInsights.dll</ModulePath>
      <ModuleTime>2018-09-20T12:49:10Z</ModuleTime>
      <ModuleName>Microsoft.ApplicationInsights</ModuleName>
      <Classes />
    </Module>
    <Module skippedDueTo="Filter" hash="42-AE-AE-33-0E-8C-95-F9-74-27-37-D8-A6-47-A5-66-0C-0B-40-EC">
      <ModulePath>C:\Program Files\dotnet\shared\Microsoft.NETCore.App\2.1.5\System.Reflection.Extensions.dll</ModulePath>
      <ModuleTime>2018-09-18T18:04:56Z</ModuleTime>
      <ModuleName>System.Reflection.Extensions</ModuleName>
      <Classes />
    </Module>
    <Module skippedDueTo="Filter" hash="B3-66-23-5B-28-03-02-33-B4-8F-14-70-19-73-C7-56-12-79-E1-19">
      <ModulePath>C:\Program Files\dotnet\shared\Microsoft.NETCore.App\2.1.5\System.Reflection.dll</ModulePath>
      <ModuleTime>2018-09-18T18:04:58Z</ModuleTime>
      <ModuleName>System.Reflection</ModuleName>
      <Classes />
    </Module>
    <Module skippedDueTo="Filter" hash="2E-E7-B8-CE-49-D0-A1-8C-76-58-EC-CB-3B-21-90-43-1B-D5-AD-D9">
      <ModulePath>C:\Program Files\dotnet\shared\Microsoft.NETCore.App\2.1.5\System.Xml.XDocument.dll</ModulePath>
      <ModuleTime>2018-09-18T18:04:58Z</ModuleTime>
      <ModuleName>System.Xml.XDocument</ModuleName>
      <Classes />
    </Module>
    <Module skippedDueTo="Filter" hash="11-FC-1D-68-A1-36-BB-37-7E-FE-C9-18-2D-78-00-78-F4-BB-26-61">
      <ModulePath>C:\Program Files\dotnet\shared\Microsoft.NETCore.App\2.1.5\System.Private.Xml.Linq.dll</ModulePath>
      <ModuleTime>2018-09-18T18:04:56Z</ModuleTime>
      <ModuleName>System.Private.Xml.Linq</ModuleName>
      <Classes />
    </Module>
    <Module skippedDueTo="Filter" hash="86-78-D9-E0-1A-D5-AC-C7-AA-3A-66-EC-7C-B3-17-1A-DF-9E-2D-E2">
      <ModulePath>C:\Program Files\dotnet\shared\Microsoft.NETCore.App\2.1.5\System.Security.Cryptography.Algorithms.dll</ModulePath>
      <ModuleTime>2018-09-18T18:04:58Z</ModuleTime>
      <ModuleName>System.Security.Cryptography.Algorithms</ModuleName>
      <Classes />
    </Module>
    <Module skippedDueTo="Filter" hash="4E-C8-C8-24-CF-FA-AE-20-D8-AF-CB-23-F9-10-86-78-2F-57-70-5A">
      <ModulePath>C:\Program Files\dotnet\shared\Microsoft.NETCore.App\2.1.5\System.Security.Cryptography.Primitives.dll</ModulePath>
      <ModuleTime>2018-09-18T18:04:58Z</ModuleTime>
      <ModuleName>System.Security.Cryptography.Primitives</ModuleName>
      <Classes />
    </Module>
    <Module skippedDueTo="Filter" hash="A1-C9-87-9E-D4-77-35-3D-74-D0-1D-6A-ED-F5-AD-6C-55-9B-DA-C8">
      <ModulePath>C:\Program Files\dotnet\sdk\2.1.403\Microsoft.TemplateEngine.Cli.dll</ModulePath>
      <ModuleTime>2018-09-20T12:49:12Z</ModuleTime>
      <ModuleName>Microsoft.TemplateEngine.Cli</ModuleName>
      <Classes />
    </Module>
    <Module skippedDueTo="Filter" hash="71-D4-AA-5F-75-3C-D4-4E-3A-D7-1F-5A-95-71-01-64-03-A7-75-9D">
      <ModulePath>C:\Program Files\dotnet\shared\Microsoft.NETCore.App\2.1.5\System.Private.Xml.dll</ModulePath>
      <ModuleTime>2018-09-18T18:04:56Z</ModuleTime>
      <ModuleName>System.Private.Xml</ModuleName>
      <Classes />
    </Module>
    <Module skippedDueTo="Filter" hash="77-7D-3C-2D-71-8F-30-B0-D9-FD-72-75-8F-ED-5E-E3-44-89-27-7F">
      <ModulePath>C:\Program Files\dotnet\shared\Microsoft.NETCore.App\2.1.5\System.Resources.ResourceManager.dll</ModulePath>
      <ModuleTime>2018-09-18T18:04:58Z</ModuleTime>
      <ModuleName>System.Resources.ResourceManager</ModuleName>
      <Classes />
    </Module>
    <Module skippedDueTo="Filter" hash="73-3C-33-0B-B4-AA-4E-09-10-B5-EB-FE-F6-9C-A3-56-AD-63-EB-04">
      <ModulePath>C:\Program Files\dotnet\shared\Microsoft.NETCore.App\2.1.5\System.Xml.ReaderWriter.dll</ModulePath>
      <ModuleTime>2018-09-18T18:04:58Z</ModuleTime>
      <ModuleName>System.Xml.ReaderWriter</ModuleName>
      <Classes />
    </Module>
    <Module skippedDueTo="Filter" hash="5C-02-22-CF-67-7D-71-78-88-7C-8F-F6-3B-A1-12-50-9D-06-0B-D0">
      <ModulePath>C:\Program Files\dotnet\shared\Microsoft.NETCore.App\2.1.5\System.Globalization.dll</ModulePath>
      <ModuleTime>2018-09-18T18:04:56Z</ModuleTime>
      <ModuleName>System.Globalization</ModuleName>
      <Classes />
    </Module>
    <Module skippedDueTo="Filter" hash="5A-03-86-EC-18-9B-3A-3C-0A-7A-AB-BF-D1-1F-E8-AB-32-C5-1A-79">
      <ModulePath>C:\Program Files\dotnet\shared\Microsoft.NETCore.App\2.1.5\System.Diagnostics.Tracing.dll</ModulePath>
      <ModuleTime>2018-09-18T18:04:56Z</ModuleTime>
      <ModuleName>System.Diagnostics.Tracing</ModuleName>
      <Classes />
    </Module>
    <Module skippedDueTo="Filter" hash="BE-29-42-A1-23-96-EE-52-06-CB-EB-C1-88-CD-53-1C-22-CB-A4-58">
      <ModulePath>C:\Program Files\dotnet\shared\Microsoft.NETCore.App\2.1.5\System.Private.Uri.dll</ModulePath>
      <ModuleTime>2018-09-18T18:04:56Z</ModuleTime>
      <ModuleName>System.Private.Uri</ModuleName>
      <Classes />
    </Module>
    <Module skippedDueTo="Filter" hash="B2-5A-6B-D6-FC-7F-4F-BC-08-81-CC-1C-3E-07-91-5D-CF-D9-20-17">
      <ModulePath>C:\Program Files\dotnet\shared\Microsoft.NETCore.App\2.1.5\System.Threading.Tasks.dll</ModulePath>
      <ModuleTime>2018-09-18T18:04:58Z</ModuleTime>
      <ModuleName>System.Threading.Tasks</ModuleName>
      <Classes />
    </Module>
    <Module skippedDueTo="Filter" hash="A8-AD-B0-4C-98-99-8F-DA-9E-C2-53-2C-9E-76-04-2F-B7-A5-A9-81">
      <ModulePath>C:\Program Files\dotnet\shared\Microsoft.NETCore.App\2.1.5\System.Text.RegularExpressions.dll</ModulePath>
      <ModuleTime>2018-09-18T18:04:58Z</ModuleTime>
      <ModuleName>System.Text.RegularExpressions</ModuleName>
      <Classes />
    </Module>
    <Module skippedDueTo="Filter" hash="BD-05-94-09-F8-C1-18-72-8D-6A-A0-53-81-96-7F-42-E2-98-7F-60">
      <ModulePath>C:\Program Files\dotnet\shared\Microsoft.NETCore.App\2.1.5\System.Buffers.dll</ModulePath>
      <ModuleTime>2018-09-18T18:04:54Z</ModuleTime>
      <ModuleName>System.Buffers</ModuleName>
      <Classes />
    </Module>
    <Module skippedDueTo="Filter" hash="B0-6F-E5-10-47-6C-6B-17-51-3D-59-EC-A7-E5-94-28-CA-F0-D2-60">
      <ModulePath>C:\Program Files\dotnet\shared\Microsoft.NETCore.App\2.1.5\System.Reflection.Emit.ILGeneration.dll</ModulePath>
      <ModuleTime>2018-09-18T18:04:56Z</ModuleTime>
      <ModuleName>System.Reflection.Emit.ILGeneration</ModuleName>
      <Classes />
    </Module>
    <Module skippedDueTo="Filter" hash="2B-70-75-20-3F-A0-63-0D-9B-C0-FC-58-AB-05-03-E3-86-AF-A4-3B">
      <ModulePath>C:\Program Files\dotnet\shared\Microsoft.NETCore.App\2.1.5\System.Reflection.Emit.Lightweight.dll</ModulePath>
      <ModuleTime>2018-09-18T18:04:56Z</ModuleTime>
      <ModuleName>System.Reflection.Emit.Lightweight</ModuleName>
      <Classes />
    </Module>
    <Module skippedDueTo="Filter" hash="39-8B-26-04-DA-BD-C0-17-61-A9-66-EC-9E-E2-67-87-CD-31-CC-3C">
      <ModulePath>C:\Program Files\dotnet\shared\Microsoft.NETCore.App\2.1.5\System.Reflection.Primitives.dll</ModulePath>
      <ModuleTime>2018-09-18T18:04:58Z</ModuleTime>
      <ModuleName>System.Reflection.Primitives</ModuleName>
      <Classes />
    </Module>
    <Module skippedDueTo="Filter" hash="46-7A-30-C1-61-8A-FE-54-B8-0E-7B-1F-2C-93-2A-51-D7-66-34-F2">
      <ModulePath>C:\Program Files\dotnet\sdk\2.1.403\Microsoft.TemplateEngine.Utils.dll</ModulePath>
      <ModuleTime>2018-09-20T12:49:46Z</ModuleTime>
      <ModuleName>Microsoft.TemplateEngine.Utils</ModuleName>
      <Classes />
    </Module>
    <Module skippedDueTo="Filter" hash="F1-04-13-53-34-18-CC-A9-C2-87-31-F8-31-9F-B4-F3-F0-BB-7D-8A">
      <ModulePath>C:\Program Files\dotnet\shared\Microsoft.NETCore.App\2.1.5\Microsoft.Win32.Registry.dll</ModulePath>
      <ModuleTime>2018-09-18T18:04:54Z</ModuleTime>
      <ModuleName>Microsoft.Win32.Registry</ModuleName>
      <Classes />
    </Module>
    <Module skippedDueTo="Filter" hash="01-1C-C4-8F-1F-F1-3A-22-DE-F0-E9-52-4F-4D-F6-13-35-72-F1-26">
      <ModulePath>C:\Program Files\dotnet\shared\Microsoft.NETCore.App\2.1.5\System.Diagnostics.Tools.dll</ModulePath>
      <ModuleTime>2018-09-18T18:04:56Z</ModuleTime>
      <ModuleName>System.Diagnostics.Tools</ModuleName>
      <Classes />
    </Module>
    <Module skippedDueTo="Filter" hash="15-76-FF-D5-52-22-83-AF-4E-5A-F8-9C-BD-D5-6D-A6-62-C5-53-74">
      <ModulePath>C:\Program Files\dotnet\shared\Microsoft.NETCore.App\2.1.5\System.Diagnostics.Debug.dll</ModulePath>
      <ModuleTime>2018-09-18T18:04:56Z</ModuleTime>
      <ModuleName>System.Diagnostics.Debug</ModuleName>
      <Classes />
    </Module>
    <Module skippedDueTo="Filter" hash="21-14-65-ED-B3-F1-4B-E1-75-F2-30-28-FB-89-2F-14-92-3B-12-E6">
      <ModulePath>C:\Program Files\dotnet\shared\Microsoft.NETCore.App\2.1.5\System.Text.Encoding.dll</ModulePath>
      <ModuleTime>2018-09-18T18:04:58Z</ModuleTime>
      <ModuleName>System.Text.Encoding</ModuleName>
      <Classes />
    </Module>
    <Module skippedDueTo="Filter" hash="1B-61-71-B0-62-06-78-55-D0-96-81-77-E7-88-4A-9C-D9-EF-76-DD">
      <ModulePath>C:\Program Files\dotnet\shared\Microsoft.NETCore.App\2.1.5\System.IO.Compression.dll</ModulePath>
      <ModuleTime>2018-09-18T18:04:56Z</ModuleTime>
      <ModuleName>System.IO.Compression</ModuleName>
      <Classes />
    </Module>
    <Module skippedDueTo="Filter" hash="18-2F-CD-65-C9-71-EB-DC-CB-BB-0A-5E-DE-36-82-15-B2-7C-27-24">
      <ModulePath>C:\Program Files\dotnet\shared\Microsoft.NETCore.App\2.1.5\System.Net.Http.dll</ModulePath>
      <ModuleTime>2018-09-18T18:04:56Z</ModuleTime>
      <ModuleName>System.Net.Http</ModuleName>
      <Classes />
    </Module>
    <Module skippedDueTo="Filter" hash="F6-23-AB-65-96-D7-FB-09-E5-68-24-E6-22-C7-37-D2-BD-B9-AB-5D">
      <ModulePath>C:\Program Files\dotnet\shared\Microsoft.NETCore.App\2.1.5\System.Net.Primitives.dll</ModulePath>
      <ModuleTime>2018-09-18T18:04:56Z</ModuleTime>
      <ModuleName>System.Net.Primitives</ModuleName>
      <Classes />
    </Module>
    <Module skippedDueTo="Filter" hash="EA-3A-F9-EE-C9-62-7E-E0-07-88-C4-8F-93-EE-52-E3-5E-C5-A4-63">
      <ModulePath>C:\Program Files\dotnet\shared\Microsoft.NETCore.App\2.1.5\System.Net.Security.dll</ModulePath>
      <ModuleTime>2018-09-18T18:04:56Z</ModuleTime>
      <ModuleName>System.Net.Security</ModuleName>
      <Classes />
    </Module>
    <Module skippedDueTo="Filter" hash="7E-5B-6A-40-07-BC-E9-14-59-7C-8D-04-37-3C-66-2C-76-B2-55-5F">
      <ModulePath>C:\Program Files\dotnet\sdk\2.1.403\Microsoft.Build.Framework.dll</ModulePath>
      <ModuleTime>2018-09-20T12:49:50Z</ModuleTime>
      <ModuleName>Microsoft.Build.Framework</ModuleName>
      <Classes />
    </Module>
    <Module skippedDueTo="Filter" hash="F5-74-83-11-A1-09-67-40-B7-19-34-69-84-DC-BE-97-A1-E4-7C-58">
      <ModulePath>C:\Program Files\dotnet\shared\Microsoft.NETCore.App\2.1.5\System.Security.Cryptography.X509Certificates.dll</ModulePath>
      <ModuleTime>2018-09-18T18:04:58Z</ModuleTime>
      <ModuleName>System.Security.Cryptography.X509Certificates</ModuleName>
      <Classes />
    </Module>
    <Module skippedDueTo="Filter" hash="38-06-4A-17-6D-EF-5A-A8-70-61-F3-2B-35-E9-CA-AD-A6-E1-DB-3A">
      <ModulePath>C:\Program Files\dotnet\shared\Microsoft.NETCore.App\2.1.5\System.ComponentModel.Primitives.dll</ModulePath>
      <ModuleTime>2018-09-18T18:04:56Z</ModuleTime>
      <ModuleName>System.ComponentModel.Primitives</ModuleName>
      <Classes />
    </Module>
    <Module skippedDueTo="Filter" hash="68-DB-D8-6D-8F-F1-C0-28-22-81-55-D5-BD-FB-FA-87-22-65-6E-1A">
      <ModulePath>C:\Program Files\dotnet\shared\Microsoft.NETCore.App\2.1.5\Microsoft.Win32.Primitives.dll</ModulePath>
      <ModuleTime>2018-09-18T18:04:54Z</ModuleTime>
      <ModuleName>Microsoft.Win32.Primitives</ModuleName>
      <Classes />
    </Module>
    <Module skippedDueTo="Filter" hash="F6-1A-CC-66-9E-41-D8-EC-93-5A-41-CE-C4-65-23-2D-C9-98-90-DB">
      <ModulePath>C:\Program Files\dotnet\shared\Microsoft.NETCore.App\2.1.5\System.Diagnostics.DiagnosticSource.dll</ModulePath>
      <ModuleTime>2018-09-18T18:04:56Z</ModuleTime>
      <ModuleName>System.Diagnostics.DiagnosticSource</ModuleName>
      <Classes />
    </Module>
    <Module skippedDueTo="Filter" hash="BE-3F-B8-FD-2D-18-51-15-23-0E-FE-6B-C7-FB-FD-AA-FE-59-5D-F8">
      <ModulePath>C:\Program Files\dotnet\shared\Microsoft.NETCore.App\2.1.5\System.Collections.NonGeneric.dll</ModulePath>
      <ModuleTime>2018-09-18T18:04:56Z</ModuleTime>
      <ModuleName>System.Collections.NonGeneric</ModuleName>
      <Classes />
    </Module>
    <Module skippedDueTo="Filter" hash="08-C6-92-8F-00-28-4B-73-BF-C3-B2-31-56-5C-8F-D2-F7-40-FA-4D">
      <ModulePath>C:\Program Files\dotnet\shared\Microsoft.NETCore.App\2.1.5\System.Threading.Timer.dll</ModulePath>
      <ModuleTime>2018-09-18T18:04:58Z</ModuleTime>
      <ModuleName>System.Threading.Timer</ModuleName>
      <Classes />
    </Module>
    <Module skippedDueTo="Filter" hash="93-42-85-56-52-B6-AE-C6-C0-AE-CC-8B-E7-CF-2D-0C-02-6B-C4-8D">
      <ModulePath>C:\Program Files\dotnet\shared\Microsoft.NETCore.App\2.1.5\System.Net.Sockets.dll</ModulePath>
      <ModuleTime>2018-09-18T18:04:56Z</ModuleTime>
      <ModuleName>System.Net.Sockets</ModuleName>
      <Classes />
    </Module>
    <Module skippedDueTo="Filter" hash="D2-11-03-7A-4F-83-4D-11-3A-9D-BC-B6-EE-8E-AA-57-4F-E0-81-38">
      <ModulePath>C:\Program Files\dotnet\shared\Microsoft.NETCore.App\2.1.5\System.Threading.Overlapped.dll</ModulePath>
      <ModuleTime>2018-09-18T18:04:58Z</ModuleTime>
      <ModuleName>System.Threading.Overlapped</ModuleName>
      <Classes />
    </Module>
    <Module skippedDueTo="Filter" hash="58-31-57-C3-D3-74-8A-80-A2-EB-1C-CF-45-26-CC-A7-84-44-35-F7">
      <ModulePath>C:\Program Files\dotnet\shared\Microsoft.NETCore.App\2.1.5\System.Net.NameResolution.dll</ModulePath>
      <ModuleTime>2018-09-18T18:04:56Z</ModuleTime>
      <ModuleName>System.Net.NameResolution</ModuleName>
      <Classes />
    </Module>
    <Module skippedDueTo="Filter" hash="36-9C-B4-2B-D0-45-BC-CC-E8-14-56-70-B1-1F-8B-6B-EB-CE-38-1E">
      <ModulePath>C:\Program Files\dotnet\shared\Microsoft.NETCore.App\2.1.5\System.Security.Principal.Windows.dll</ModulePath>
      <ModuleTime>2018-09-18T18:04:58Z</ModuleTime>
      <ModuleName>System.Security.Principal.Windows</ModuleName>
      <Classes />
    </Module>
    <Module skippedDueTo="Filter" hash="F0-D0-F5-3D-63-E7-04-47-CE-D2-45-25-50-83-13-78-EC-72-14-86">
      <ModulePath>C:\Program Files\dotnet\shared\Microsoft.NETCore.App\2.1.5\System.Security.Claims.dll</ModulePath>
      <ModuleTime>2018-09-18T18:04:58Z</ModuleTime>
      <ModuleName>System.Security.Claims</ModuleName>
      <Classes />
    </Module>
    <Module skippedDueTo="Filter" hash="8B-83-3E-B5-EC-C6-FD-77-CF-2E-DD-FC-A4-50-21-37-84-8C-8B-59">
      <ModulePath>C:\Program Files\dotnet\shared\Microsoft.NETCore.App\2.1.5\System.Security.Principal.dll</ModulePath>
      <ModuleTime>2018-09-18T18:04:58Z</ModuleTime>
      <ModuleName>System.Security.Principal</ModuleName>
      <Classes />
    </Module>
    <Module skippedDueTo="Filter" hash="78-5B-65-E3-B7-74-D1-E4-43-0B-1E-6B-2E-D8-61-76-37-73-DC-AC">
      <ModulePath>C:\Program Files\dotnet\shared\Microsoft.NETCore.App\2.1.5\System.Private.CoreLib.dll</ModulePath>
      <ModuleTime>2018-09-18T18:04:58Z</ModuleTime>
      <ModuleName>System.Private.CoreLib</ModuleName>
      <Classes />
    </Module>
    <Module skippedDueTo="Filter" hash="68-5A-54-5A-BE-8B-6D-93-AD-1C-EC-D3-24-ED-2E-93-EC-81-0F-98">
      <ModulePath>C:\Program Files\dotnet\shared\Microsoft.NETCore.App\2.1.5\System.Security.Cryptography.Encoding.dll</ModulePath>
      <ModuleTime>2018-09-18T18:04:58Z</ModuleTime>
      <ModuleName>System.Security.Cryptography.Encoding</ModuleName>
      <Classes />
    </Module>
    <Module skippedDueTo="Filter" hash="98-44-1B-97-0A-F7-90-84-A0-B6-CC-13-DF-32-DC-91-E2-A7-39-44">
      <ModulePath>C:\Program Files\dotnet\sdk\2.1.403\MSBuild.dll</ModulePath>
      <ModuleTime>2018-09-20T12:52:12Z</ModuleTime>
      <ModuleName>MSBuild</ModuleName>
      <Classes />
    </Module>
    <Module skippedDueTo="Filter" hash="07-3B-7E-F7-10-B3-A8-D4-9E-D2-8C-5B-CE-55-62-9C-C7-46-DA-52">
      <ModulePath>C:\Program Files\dotnet\shared\Microsoft.NETCore.App\2.1.5\System.Runtime.dll</ModulePath>
      <ModuleTime>2018-09-18T18:04:58Z</ModuleTime>
      <ModuleName>System.Runtime</ModuleName>
      <Classes />
    </Module>
    <Module skippedDueTo="Filter" hash="F2-FC-C9-67-06-2F-CE-C1-93-2D-13-D1-A6-50-35-6F-C9-62-25-43">
      <ModulePath>C:\Program Files\dotnet\shared\Microsoft.NETCore.App\2.1.5\System.Runtime.Extensions.dll</ModulePath>
      <ModuleTime>2018-09-18T18:04:58Z</ModuleTime>
      <ModuleName>System.Runtime.Extensions</ModuleName>
      <Classes />
    </Module>
    <Module skippedDueTo="Filter" hash="AE-B7-2F-67-3C-68-95-0A-60-84-EA-FE-82-11-F8-0B-24-42-2A-3C">
      <ModulePath>C:\Program Files\dotnet\shared\Microsoft.NETCore.App\2.1.5\System.Threading.dll</ModulePath>
      <ModuleTime>2018-09-18T18:04:58Z</ModuleTime>
      <ModuleName>System.Threading</ModuleName>
      <Classes />
    </Module>
    <Module skippedDueTo="Filter" hash="6D-B3-BB-07-99-18-4F-19-2D-00-32-90-24-D6-A6-2F-63-FF-73-B4">
      <ModulePath>C:\Program Files\dotnet\shared\Microsoft.NETCore.App\2.1.5\System.Runtime.InteropServices.RuntimeInformation.dll</ModulePath>
      <ModuleTime>2018-09-18T18:04:58Z</ModuleTime>
      <ModuleName>System.Runtime.InteropServices.RuntimeInformation</ModuleName>
      <Classes />
    </Module>
    <Module skippedDueTo="Filter" hash="85-C4-E3-A3-24-8B-58-7B-77-23-D4-DF-AD-E7-32-BF-2C-1C-17-7E">
      <ModulePath>C:\Program Files\dotnet\shared\Microsoft.NETCore.App\2.1.5\System.Linq.dll</ModulePath>
      <ModuleTime>2018-09-18T18:04:56Z</ModuleTime>
      <ModuleName>System.Linq</ModuleName>
      <Classes />
    </Module>
    <Module skippedDueTo="Filter" hash="A8-AD-B0-4C-98-99-8F-DA-9E-C2-53-2C-9E-76-04-2F-B7-A5-A9-81">
      <ModulePath>C:\Program Files\dotnet\shared\Microsoft.NETCore.App\2.1.5\System.Text.RegularExpressions.dll</ModulePath>
      <ModuleTime>2018-09-18T18:04:58Z</ModuleTime>
      <ModuleName>System.Text.RegularExpressions</ModuleName>
      <Classes />
    </Module>
    <Module skippedDueTo="Filter" hash="AD-4B-42-A8-AA-0A-5B-64-5F-45-A4-88-6F-F0-75-D5-9C-6D-9D-40">
      <ModulePath>C:\Program Files\dotnet\shared\Microsoft.NETCore.App\2.1.5\System.Collections.dll</ModulePath>
      <ModuleTime>2018-09-18T18:04:56Z</ModuleTime>
      <ModuleName>System.Collections</ModuleName>
      <Classes />
    </Module>
    <Module skippedDueTo="Filter" hash="38-5E-B1-57-42-45-CA-1B-06-0B-FF-A1-2F-8C-69-EB-D3-92-CF-A9">
      <ModulePath>C:\Program Files\dotnet\shared\Microsoft.NETCore.App\2.1.5\System.Threading.ThreadPool.dll</ModulePath>
      <ModuleTime>2018-09-18T18:04:58Z</ModuleTime>
      <ModuleName>System.Threading.ThreadPool</ModuleName>
      <Classes />
    </Module>
    <Module skippedDueTo="Filter" hash="BD-05-94-09-F8-C1-18-72-8D-6A-A0-53-81-96-7F-42-E2-98-7F-60">
      <ModulePath>C:\Program Files\dotnet\shared\Microsoft.NETCore.App\2.1.5\System.Buffers.dll</ModulePath>
      <ModuleTime>2018-09-18T18:04:54Z</ModuleTime>
      <ModuleName>System.Buffers</ModuleName>
      <Classes />
    </Module>
    <Module skippedDueTo="Filter" hash="0E-24-61-FE-C1-44-3E-AA-65-15-92-BB-A6-70-AA-CD-2C-09-D4-39">
      <ModulePath>C:\Program Files\dotnet\shared\Microsoft.NETCore.App\2.1.5\System.IO.FileSystem.dll</ModulePath>
      <ModuleTime>2018-09-18T18:04:56Z</ModuleTime>
      <ModuleName>System.IO.FileSystem</ModuleName>
      <Classes />
    </Module>
    <Module skippedDueTo="Filter" hash="DD-77-1F-46-A9-50-7D-02-69-71-D9-5E-07-37-81-43-F5-EC-74-79">
      <ModulePath>C:\Program Files\dotnet\shared\Microsoft.NETCore.App\2.1.5\System.Memory.dll</ModulePath>
      <ModuleTime>2018-09-18T18:04:56Z</ModuleTime>
      <ModuleName>System.Memory</ModuleName>
      <Classes />
    </Module>
    <Module skippedDueTo="Filter" hash="6F-F6-F4-AD-36-F1-6D-BF-2A-C4-F3-09-19-14-9E-B2-D2-EA-E3-CF">
      <ModulePath>C:\Program Files\dotnet\shared\Microsoft.NETCore.App\2.1.5\System.Runtime.InteropServices.dll</ModulePath>
      <ModuleTime>2018-09-18T18:04:58Z</ModuleTime>
      <ModuleName>System.Runtime.InteropServices</ModuleName>
      <Classes />
    </Module>
    <Module skippedDueTo="Filter" hash="C3-ED-18-CA-70-65-81-26-E5-36-9C-31-67-35-76-F2-51-E0-53-4A">
      <ModulePath>C:\Program Files\dotnet\shared\Microsoft.NETCore.App\2.1.5\System.Console.dll</ModulePath>
      <ModuleTime>2018-09-18T18:04:56Z</ModuleTime>
      <ModuleName>System.Console</ModuleName>
      <Classes />
    </Module>
    <Module skippedDueTo="Filter" hash="FF-D1-B7-B0-D6-B6-DE-F7-B6-76-EE-2B-4B-F9-9E-B0-8A-B7-FF-AD">
      <ModulePath>C:\Program Files\dotnet\shared\Microsoft.NETCore.App\2.1.5\System.Diagnostics.Process.dll</ModulePath>
      <ModuleTime>2018-09-18T18:04:56Z</ModuleTime>
      <ModuleName>System.Diagnostics.Process</ModuleName>
      <Classes />
    </Module>
    <Module skippedDueTo="Filter" hash="38-06-4A-17-6D-EF-5A-A8-70-61-F3-2B-35-E9-CA-AD-A6-E1-DB-3A">
      <ModulePath>C:\Program Files\dotnet\shared\Microsoft.NETCore.App\2.1.5\System.ComponentModel.Primitives.dll</ModulePath>
      <ModuleTime>2018-09-18T18:04:56Z</ModuleTime>
      <ModuleName>System.ComponentModel.Primitives</ModuleName>
      <Classes />
    </Module>
    <Module skippedDueTo="Filter" hash="7E-5B-6A-40-07-BC-E9-14-59-7C-8D-04-37-3C-66-2C-76-B2-55-5F">
      <ModulePath>C:\Program Files\dotnet\sdk\2.1.403\Microsoft.Build.Framework.dll</ModulePath>
      <ModuleTime>2018-09-20T12:49:50Z</ModuleTime>
      <ModuleName>Microsoft.Build.Framework</ModuleName>
      <Classes />
    </Module>
    <Module skippedDueTo="Filter" hash="EC-E9-B7-25-58-AA-87-DE-6F-02-F3-C6-06-8C-64-F8-CB-F8-BE-A3">
      <ModulePath>C:\Program Files\dotnet\shared\Microsoft.NETCore.App\2.1.5\netstandard.dll</ModulePath>
      <ModuleTime>2018-09-18T18:04:58Z</ModuleTime>
      <ModuleName>netstandard</ModuleName>
      <Classes />
    </Module>
    <Module skippedDueTo="Filter" hash="84-29-F2-A0-40-5F-32-A1-CF-54-A7-28-60-64-7E-22-22-3D-95-E2">
      <ModulePath>C:\Program Files\dotnet\sdk\2.1.403\Microsoft.Build.dll</ModulePath>
      <ModuleTime>2018-09-20T12:49:56Z</ModuleTime>
      <ModuleName>Microsoft.Build</ModuleName>
      <Classes />
    </Module>
    <Module skippedDueTo="Filter" hash="6A-59-9A-F4-78-61-89-5E-36-DE-7C-82-02-41-32-3D-F9-8F-A8-B0">
      <ModulePath>C:\Program Files\dotnet\sdk\2.1.403\runtimes\win\lib\netcoreapp2.0\System.Text.Encoding.CodePages.dll</ModulePath>
      <ModuleTime>2018-09-20T12:48:32Z</ModuleTime>
      <ModuleName>System.Text.Encoding.CodePages</ModuleName>
      <Classes />
    </Module>
    <Module skippedDueTo="Filter" hash="7F-E1-F1-E3-CB-8B-FF-26-A3-B3-B6-70-FE-D9-D5-6E-CD-8A-D4-51">
      <ModulePath>C:\Program Files\dotnet\shared\Microsoft.NETCore.App\2.1.5\System.Collections.Concurrent.dll</ModulePath>
      <ModuleTime>2018-09-18T18:04:54Z</ModuleTime>
      <ModuleName>System.Collections.Concurrent</ModuleName>
      <Classes />
    </Module>
    <Module skippedDueTo="Filter" hash="4F-C4-FA-FA-B8-63-DA-B0-B7-66-DA-14-30-D0-F7-71-85-36-EB-F4">
      <ModulePath>C:\Program Files\dotnet\sdk\2.1.403\dotnet.dll</ModulePath>
      <ModuleTime>2018-09-20T12:48:04Z</ModuleTime>
      <ModuleName>dotnet</ModuleName>
      <Classes />
    </Module>
    <Module skippedDueTo="Filter" hash="FE-01-B5-DE-C7-87-68-FC-95-A8-0F-4E-E5-D2-E7-FB-95-FB-6F-FD">
      <ModulePath>C:\Program Files\dotnet\sdk\2.1.403\Microsoft.DotNet.Tools.MigrateCommand.dll</ModulePath>
      <ModuleTime>2018-09-20T12:49:50Z</ModuleTime>
      <ModuleName>Microsoft.DotNet.Tools.MigrateCommand</ModuleName>
      <Classes />
    </Module>
    <Module skippedDueTo="Filter" hash="F7-64-EC-72-0E-ED-5A-BD-B1-9B-C3-A0-08-DA-C7-0A-1C-9C-3A-AB">
      <ModulePath>C:\Program Files\dotnet\sdk\2.1.403\Microsoft.DotNet.Configurer.dll</ModulePath>
      <ModuleTime>2018-09-20T12:49:14Z</ModuleTime>
      <ModuleName>Microsoft.DotNet.Configurer</ModuleName>
      <Classes />
    </Module>
    <Module skippedDueTo="Filter" hash="D5-5B-DA-7C-23-2A-38-03-96-C7-72-BA-FB-30-F5-FF-14-80-B2-36">
      <ModulePath>C:\Program Files\dotnet\sdk\2.1.403\Microsoft.DotNet.Cli.Utils.dll</ModulePath>
      <ModuleTime>2018-09-20T12:49:54Z</ModuleTime>
      <ModuleName>Microsoft.DotNet.Cli.Utils</ModuleName>
      <Classes />
    </Module>
    <Module skippedDueTo="Filter" hash="43-B5-5B-71-CA-E2-58-33-1A-81-AE-07-04-E7-3A-AB-BF-C4-FF-0C">
      <ModulePath>C:\Program Files\dotnet\sdk\2.1.403\NuGet.Frameworks.dll</ModulePath>
      <ModuleTime>2018-09-20T12:51:28Z</ModuleTime>
      <ModuleName>NuGet.Frameworks</ModuleName>
      <Classes />
    </Module>
    <Module skippedDueTo="Filter" hash="8C-8D-9D-08-F9-EE-BF-F4-B1-CE-D5-90-6E-F9-6E-47-0E-CD-BF-72">
      <ModulePath>C:\Program Files\dotnet\sdk\2.1.403\Microsoft.DotNet.InternalAbstractions.dll</ModulePath>
      <ModuleTime>2018-09-20T12:49:20Z</ModuleTime>
      <ModuleName>Microsoft.DotNet.InternalAbstractions</ModuleName>
      <Classes />
    </Module>
    <Module skippedDueTo="Filter" hash="92-9D-15-71-02-85-B5-30-25-0F-FA-E6-5D-C5-91-84-E8-C8-3F-46">
      <ModulePath>C:\Program Files\dotnet\shared\Microsoft.NETCore.App\2.1.5\System.IO.FileSystem.Primitives.dll</ModulePath>
      <ModuleTime>2018-09-18T18:04:56Z</ModuleTime>
      <ModuleName>System.IO.FileSystem.Primitives</ModuleName>
      <Classes />
    </Module>
    <Module skippedDueTo="Filter" hash="FF-A9-ED-AB-4A-87-37-D6-EB-28-A1-1E-2C-92-F7-EF-DF-EB-E9-5C">
      <ModulePath>C:\Program Files\dotnet\sdk\2.1.403\Microsoft.ApplicationInsights.dll</ModulePath>
      <ModuleTime>2018-09-20T12:49:10Z</ModuleTime>
      <ModuleName>Microsoft.ApplicationInsights</ModuleName>
      <Classes />
    </Module>
    <Module skippedDueTo="Filter" hash="47-F8-FB-4C-53-2E-CA-D1-E1-37-D2-AD-7E-01-AF-70-D2-DE-90-E7">
      <ModulePath>C:\Program Files\dotnet\shared\Microsoft.NETCore.App\2.1.5\System.Text.Encoding.Extensions.dll</ModulePath>
      <ModuleTime>2018-09-18T18:04:58Z</ModuleTime>
      <ModuleName>System.Text.Encoding.Extensions</ModuleName>
      <Classes />
    </Module>
    <Module skippedDueTo="Filter" hash="3F-BD-D0-C9-72-97-68-06-C6-A2-A4-8A-3C-0B-13-9A-58-65-B8-28">
      <ModulePath>C:\Program Files\dotnet\sdk\2.1.403\Microsoft.DotNet.PlatformAbstractions.dll</ModulePath>
      <ModuleTime>2018-09-20T12:49:46Z</ModuleTime>
      <ModuleName>Microsoft.DotNet.PlatformAbstractions</ModuleName>
      <Classes />
    </Module>
    <Module skippedDueTo="Filter" hash="42-AE-AE-33-0E-8C-95-F9-74-27-37-D8-A6-47-A5-66-0C-0B-40-EC">
      <ModulePath>C:\Program Files\dotnet\shared\Microsoft.NETCore.App\2.1.5\System.Reflection.Extensions.dll</ModulePath>
      <ModuleTime>2018-09-18T18:04:56Z</ModuleTime>
      <ModuleName>System.Reflection.Extensions</ModuleName>
      <Classes />
    </Module>
    <Module skippedDueTo="Filter" hash="B3-66-23-5B-28-03-02-33-B4-8F-14-70-19-73-C7-56-12-79-E1-19">
      <ModulePath>C:\Program Files\dotnet\shared\Microsoft.NETCore.App\2.1.5\System.Reflection.dll</ModulePath>
      <ModuleTime>2018-09-18T18:04:58Z</ModuleTime>
      <ModuleName>System.Reflection</ModuleName>
      <Classes />
    </Module>
    <Module skippedDueTo="Filter" hash="2E-E7-B8-CE-49-D0-A1-8C-76-58-EC-CB-3B-21-90-43-1B-D5-AD-D9">
      <ModulePath>C:\Program Files\dotnet\shared\Microsoft.NETCore.App\2.1.5\System.Xml.XDocument.dll</ModulePath>
      <ModuleTime>2018-09-18T18:04:58Z</ModuleTime>
      <ModuleName>System.Xml.XDocument</ModuleName>
      <Classes />
    </Module>
    <Module skippedDueTo="Filter" hash="11-FC-1D-68-A1-36-BB-37-7E-FE-C9-18-2D-78-00-78-F4-BB-26-61">
      <ModulePath>C:\Program Files\dotnet\shared\Microsoft.NETCore.App\2.1.5\System.Private.Xml.Linq.dll</ModulePath>
      <ModuleTime>2018-09-18T18:04:56Z</ModuleTime>
      <ModuleName>System.Private.Xml.Linq</ModuleName>
      <Classes />
    </Module>
    <Module skippedDueTo="Filter" hash="71-D4-AA-5F-75-3C-D4-4E-3A-D7-1F-5A-95-71-01-64-03-A7-75-9D">
      <ModulePath>C:\Program Files\dotnet\shared\Microsoft.NETCore.App\2.1.5\System.Private.Xml.dll</ModulePath>
      <ModuleTime>2018-09-18T18:04:56Z</ModuleTime>
      <ModuleName>System.Private.Xml</ModuleName>
      <Classes />
    </Module>
    <Module skippedDueTo="Filter" hash="73-3C-33-0B-B4-AA-4E-09-10-B5-EB-FE-F6-9C-A3-56-AD-63-EB-04">
      <ModulePath>C:\Program Files\dotnet\shared\Microsoft.NETCore.App\2.1.5\System.Xml.ReaderWriter.dll</ModulePath>
      <ModuleTime>2018-09-18T18:04:58Z</ModuleTime>
      <ModuleName>System.Xml.ReaderWriter</ModuleName>
      <Classes />
    </Module>
    <Module skippedDueTo="Filter" hash="5A-03-86-EC-18-9B-3A-3C-0A-7A-AB-BF-D1-1F-E8-AB-32-C5-1A-79">
      <ModulePath>C:\Program Files\dotnet\shared\Microsoft.NETCore.App\2.1.5\System.Diagnostics.Tracing.dll</ModulePath>
      <ModuleTime>2018-09-18T18:04:56Z</ModuleTime>
      <ModuleName>System.Diagnostics.Tracing</ModuleName>
      <Classes />
    </Module>
    <Module skippedDueTo="Filter" hash="BE-29-42-A1-23-96-EE-52-06-CB-EB-C1-88-CD-53-1C-22-CB-A4-58">
      <ModulePath>C:\Program Files\dotnet\shared\Microsoft.NETCore.App\2.1.5\System.Private.Uri.dll</ModulePath>
      <ModuleTime>2018-09-18T18:04:56Z</ModuleTime>
      <ModuleName>System.Private.Uri</ModuleName>
      <Classes />
    </Module>
    <Module skippedDueTo="Filter" hash="B2-5A-6B-D6-FC-7F-4F-BC-08-81-CC-1C-3E-07-91-5D-CF-D9-20-17">
      <ModulePath>C:\Program Files\dotnet\shared\Microsoft.NETCore.App\2.1.5\System.Threading.Tasks.dll</ModulePath>
      <ModuleTime>2018-09-18T18:04:58Z</ModuleTime>
      <ModuleName>System.Threading.Tasks</ModuleName>
      <Classes />
    </Module>
    <Module skippedDueTo="Filter" hash="5C-02-22-CF-67-7D-71-78-88-7C-8F-F6-3B-A1-12-50-9D-06-0B-D0">
      <ModulePath>C:\Program Files\dotnet\shared\Microsoft.NETCore.App\2.1.5\System.Globalization.dll</ModulePath>
      <ModuleTime>2018-09-18T18:04:56Z</ModuleTime>
      <ModuleName>System.Globalization</ModuleName>
      <Classes />
    </Module>
    <Module skippedDueTo="Filter" hash="18-DE-1E-7A-32-F5-8F-3A-FB-C1-D3-7E-12-BF-D5-D5-99-8A-1C-1D">
      <ModulePath>C:\Program Files\dotnet\shared\Microsoft.NETCore.App\2.1.5\System.Threading.Tasks.Dataflow.dll</ModulePath>
      <ModuleTime>2018-09-18T18:04:58Z</ModuleTime>
      <ModuleName>System.Threading.Tasks.Dataflow</ModuleName>
      <Classes />
    </Module>
    <Module skippedDueTo="Filter" hash="86-78-D9-E0-1A-D5-AC-C7-AA-3A-66-EC-7C-B3-17-1A-DF-9E-2D-E2">
      <ModulePath>C:\Program Files\dotnet\shared\Microsoft.NETCore.App\2.1.5\System.Security.Cryptography.Algorithms.dll</ModulePath>
      <ModuleTime>2018-09-18T18:04:58Z</ModuleTime>
      <ModuleName>System.Security.Cryptography.Algorithms</ModuleName>
      <Classes />
    </Module>
    <Module skippedDueTo="Filter" hash="4E-C8-C8-24-CF-FA-AE-20-D8-AF-CB-23-F9-10-86-78-2F-57-70-5A">
      <ModulePath>C:\Program Files\dotnet\shared\Microsoft.NETCore.App\2.1.5\System.Security.Cryptography.Primitives.dll</ModulePath>
      <ModuleTime>2018-09-18T18:04:58Z</ModuleTime>
      <ModuleName>System.Security.Cryptography.Primitives</ModuleName>
      <Classes />
    </Module>
    <Module skippedDueTo="Filter" hash="F1-04-13-53-34-18-CC-A9-C2-87-31-F8-31-9F-B4-F3-F0-BB-7D-8A">
      <ModulePath>C:\Program Files\dotnet\shared\Microsoft.NETCore.App\2.1.5\Microsoft.Win32.Registry.dll</ModulePath>
      <ModuleTime>2018-09-18T18:04:54Z</ModuleTime>
      <ModuleName>Microsoft.Win32.Registry</ModuleName>
      <Classes />
    </Module>
    <Module skippedDueTo="Filter" hash="77-7D-3C-2D-71-8F-30-B0-D9-FD-72-75-8F-ED-5E-E3-44-89-27-7F">
      <ModulePath>C:\Program Files\dotnet\shared\Microsoft.NETCore.App\2.1.5\System.Resources.ResourceManager.dll</ModulePath>
      <ModuleTime>2018-09-18T18:04:58Z</ModuleTime>
      <ModuleName>System.Resources.ResourceManager</ModuleName>
      <Classes />
    </Module>
    <Module skippedDueTo="Filter" hash="87-0B-26-AE-FB-8A-A1-0C-63-AC-B2-D5-30-88-FF-9E-97-E0-03-51">
      <ModulePath>C:\Program Files\dotnet\shared\Microsoft.NETCore.App\2.1.5\System.ObjectModel.dll</ModulePath>
      <ModuleTime>2018-09-18T18:04:56Z</ModuleTime>
      <ModuleName>System.ObjectModel</ModuleName>
      <Classes />
    </Module>
    <Module skippedDueTo="Filter" hash="B2-BF-C7-7B-CD-20-AB-AF-26-2B-03-9A-94-2B-70-63-B5-04-A5-41">
      <ModulePath>C:\Program Files\dotnet\shared\Microsoft.NETCore.App\2.1.5\System.Threading.Thread.dll</ModulePath>
      <ModuleTime>2018-09-18T18:04:58Z</ModuleTime>
      <ModuleName>System.Threading.Thread</ModuleName>
      <Classes />
    </Module>
    <Module skippedDueTo="Filter" hash="3A-6A-1C-4A-06-9E-95-62-29-9D-63-17-25-9F-2E-F9-AD-B4-28-4C">
      <ModulePath>C:\Program Files\dotnet\shared\Microsoft.NETCore.App\2.1.5\System.Diagnostics.TraceSource.dll</ModulePath>
      <ModuleTime>2018-09-18T18:04:56Z</ModuleTime>
      <ModuleName>System.Diagnostics.TraceSource</ModuleName>
      <Classes />
    </Module>
    <Module skippedDueTo="Filter" hash="BC-35-95-F1-AF-E6-E2-BC-20-0E-CF-4F-D6-54-E7-02-90-38-F7-4F">
      <ModulePath>C:\Program Files\dotnet\shared\Microsoft.NETCore.App\2.1.5\System.Collections.Immutable.dll</ModulePath>
      <ModuleTime>2018-09-18T18:04:54Z</ModuleTime>
      <ModuleName>System.Collections.Immutable</ModuleName>
      <Classes />
    </Module>
    <Module skippedDueTo="Filter" hash="01-FA-A2-50-02-A2-8F-1C-1C-2B-AD-64-1C-0F-1C-4A-58-55-22-0B">
      <ModulePath>C:\Program Files\dotnet\shared\Microsoft.NETCore.App\2.1.5\System.Runtime.Serialization.Xml.dll</ModulePath>
      <ModuleTime>2018-09-18T18:04:58Z</ModuleTime>
      <ModuleName>System.Runtime.Serialization.Xml</ModuleName>
      <Classes />
    </Module>
    <Module skippedDueTo="Filter" hash="ED-87-77-EB-06-5C-25-38-EA-A2-64-64-F0-7F-76-6E-16-30-29-41">
      <ModulePath>C:\Program Files\dotnet\shared\Microsoft.NETCore.App\2.1.5\System.Private.DataContractSerialization.dll</ModulePath>
      <ModuleTime>2018-09-18T18:04:56Z</ModuleTime>
      <ModuleName>System.Private.DataContractSerialization</ModuleName>
      <Classes />
    </Module>
    <Module skippedDueTo="Filter" hash="82-8A-04-6A-62-12-3A-36-40-C5-CF-AD-97-0E-0A-C3-03-EF-3F-49">
      <ModulePath>C:\Program Files\dotnet\shared\Microsoft.NETCore.App\2.1.5\System.Runtime.Serialization.Primitives.dll</ModulePath>
      <ModuleTime>2018-09-18T18:04:58Z</ModuleTime>
      <ModuleName>System.Runtime.Serialization.Primitives</ModuleName>
      <Classes />
    </Module>
    <Module skippedDueTo="Filter" hash="B0-6F-E5-10-47-6C-6B-17-51-3D-59-EC-A7-E5-94-28-CA-F0-D2-60">
      <ModulePath>C:\Program Files\dotnet\shared\Microsoft.NETCore.App\2.1.5\System.Reflection.Emit.ILGeneration.dll</ModulePath>
      <ModuleTime>2018-09-18T18:04:56Z</ModuleTime>
      <ModuleName>System.Reflection.Emit.ILGeneration</ModuleName>
      <Classes />
    </Module>
    <Module skippedDueTo="Filter" hash="2B-70-75-20-3F-A0-63-0D-9B-C0-FC-58-AB-05-03-E3-86-AF-A4-3B">
      <ModulePath>C:\Program Files\dotnet\shared\Microsoft.NETCore.App\2.1.5\System.Reflection.Emit.Lightweight.dll</ModulePath>
      <ModuleTime>2018-09-18T18:04:56Z</ModuleTime>
      <ModuleName>System.Reflection.Emit.Lightweight</ModuleName>
      <Classes />
    </Module>
    <Module skippedDueTo="Filter" hash="39-8B-26-04-DA-BD-C0-17-61-A9-66-EC-9E-E2-67-87-CD-31-CC-3C">
      <ModulePath>C:\Program Files\dotnet\shared\Microsoft.NETCore.App\2.1.5\System.Reflection.Primitives.dll</ModulePath>
      <ModuleTime>2018-09-18T18:04:58Z</ModuleTime>
      <ModuleName>System.Reflection.Primitives</ModuleName>
      <Classes />
    </Module>
    <Module skippedDueTo="Filter" hash="F6-1D-3E-14-CA-CE-03-4D-D8-E6-CE-71-98-D4-99-3D-35-CF-AF-A5">
      <ModulePath>C:\Program Files\dotnet\shared\Microsoft.NETCore.App\2.1.5\System.Runtime.Serialization.Formatters.dll</ModulePath>
      <ModuleTime>2018-09-18T18:04:58Z</ModuleTime>
      <ModuleName>System.Runtime.Serialization.Formatters</ModuleName>
      <Classes />
    </Module>
    <Module skippedDueTo="Filter" hash="CC-83-80-DD-A6-8D-96-B3-B6-B8-15-06-1A-C2-19-1F-F6-D9-13-C8">
      <ModulePath>C:\Program Files\dotnet\shared\Microsoft.NETCore.App\2.1.5\System.Runtime.Loader.dll</ModulePath>
      <ModuleTime>2018-09-18T18:04:58Z</ModuleTime>
      <ModuleName>System.Runtime.Loader</ModuleName>
      <Classes />
    </Module>
    <Module skippedDueTo="Filter" hash="7E-0C-EF-19-FD-58-8F-0D-CD-51-F6-CC-CE-3C-80-60-C7-CE-FC-14">
      <ModulePath>C:\Program Files\dotnet\sdk\2.1.403\Microsoft.Build.NuGetSdkResolver.dll</ModulePath>
      <ModuleTime>2018-09-20T12:49:54Z</ModuleTime>
      <ModuleName>Microsoft.Build.NuGetSdkResolver</ModuleName>
      <Classes />
    </Module>
    <Module skippedDueTo="Filter" hash="8E-9E-4D-84-AF-28-B4-70-BE-BA-DA-08-5F-A4-30-08-1F-5C-5E-C3">
      <ModulePath>C:\Program Files\dotnet\shared\Microsoft.NETCore.App\2.1.5\System.Diagnostics.FileVersionInfo.dll</ModulePath>
      <ModuleTime>2018-09-18T18:04:56Z</ModuleTime>
      <ModuleName>System.Diagnostics.FileVersionInfo</ModuleName>
      <Classes />
    </Module>
    <Module skippedDueTo="Filter" hash="7A-D8-C5-81-8A-CC-72-AC-C2-6E-0C-72-33-7C-8F-AF-33-AE-86-76">
      <ModulePath>C:\Program Files\dotnet\shared\Microsoft.NETCore.App\2.1.5\System.Threading.Tasks.Parallel.dll</ModulePath>
      <ModuleTime>2018-09-18T18:04:58Z</ModuleTime>
      <ModuleName>System.Threading.Tasks.Parallel</ModuleName>
      <Classes />
    </Module>
    <Module skippedDueTo="Filter" hash="C6-D4-6A-15-83-A4-CF-99-6A-E1-79-6A-17-CF-AC-C3-26-53-A7-DA">
      <ModulePath>C:\Program Files\dotnet\sdk\2.1.403\Microsoft.Build.Utilities.Core.dll</ModulePath>
      <ModuleTime>2018-09-20T12:49:56Z</ModuleTime>
      <ModuleName>Microsoft.Build.Utilities.Core</ModuleName>
      <Classes />
    </Module>
    <Module skippedDueTo="Filter" hash="50-48-14-3C-36-73-53-EA-52-E3-56-86-07-9F-52-83-1E-22-DC-29">
      <ModulePath>C:\Program Files\dotnet\sdk\2.1.403\Microsoft.Build.Tasks.Core.dll</ModulePath>
      <ModuleTime>2018-09-20T12:49:54Z</ModuleTime>
      <ModuleName>Microsoft.Build.Tasks.Core</ModuleName>
      <Classes />
    </Module>
    <Module skippedDueTo="Filter" hash="38-5E-B1-57-42-45-CA-1B-06-0B-FF-A1-2F-8C-69-EB-D3-92-CF-A9">
      <ModulePath>C:\Program Files\dotnet\shared\Microsoft.NETCore.App\2.1.5\System.Threading.ThreadPool.dll</ModulePath>
      <ModuleTime>2018-09-18T18:04:58Z</ModuleTime>
      <ModuleName>System.Threading.ThreadPool</ModuleName>
      <Classes />
    </Module>
    <Module skippedDueTo="Filter" hash="20-AC-C7-57-DA-C9-8F-BF-D3-82-08-00-5D-EC-08-F5-4E-51-EC-BC">
      <ModulePath>C:\Program Files\dotnet\sdk\2.1.403\NuGet.Build.Tasks.dll</ModulePath>
      <ModuleTime>2018-09-20T12:51:28Z</ModuleTime>
      <ModuleName>NuGet.Build.Tasks</ModuleName>
      <Classes />
    </Module>
    <Module skippedDueTo="Filter" hash="CD-53-44-5E-84-6F-70-55-0C-34-E9-90-F0-A1-D3-92-3C-85-33-59">
      <ModulePath>C:\Program Files\dotnet\sdk\2.1.403\NuGet.Commands.dll</ModulePath>
      <ModuleTime>2018-09-20T12:51:30Z</ModuleTime>
      <ModuleName>NuGet.Commands</ModuleName>
      <Classes />
    </Module>
    <Module skippedDueTo="Filter" hash="B3-E9-07-B5-8C-22-F8-28-0B-87-8B-07-B5-BC-06-B9-06-5D-09-1D">
      <ModulePath>C:\Program Files\dotnet\sdk\2.1.403\NuGet.Common.dll</ModulePath>
      <ModuleTime>2018-09-20T12:51:52Z</ModuleTime>
      <ModuleName>NuGet.Common</ModuleName>
      <Classes />
    </Module>
    <Module skippedDueTo="Filter" hash="BE-3F-B8-FD-2D-18-51-15-23-0E-FE-6B-C7-FB-FD-AA-FE-59-5D-F8">
      <ModulePath>C:\Program Files\dotnet\shared\Microsoft.NETCore.App\2.1.5\System.Collections.NonGeneric.dll</ModulePath>
      <ModuleTime>2018-09-18T18:04:56Z</ModuleTime>
      <ModuleName>System.Collections.NonGeneric</ModuleName>
      <Classes />
    </Module>
    <Module skippedDueTo="Filter" hash="68-DB-D8-6D-8F-F1-C0-28-22-81-55-D5-BD-FB-FA-87-22-65-6E-1A">
      <ModulePath>C:\Program Files\dotnet\shared\Microsoft.NETCore.App\2.1.5\Microsoft.Win32.Primitives.dll</ModulePath>
      <ModuleTime>2018-09-18T18:04:54Z</ModuleTime>
      <ModuleName>Microsoft.Win32.Primitives</ModuleName>
      <Classes />
    </Module>
    <Module skippedDueTo="Filter" hash="D2-99-F6-C0-D7-33-EE-F5-F7-A5-7E-B3-C1-95-8E-F8-D5-85-12-A2">
      <ModulePath>C:\Program Files\dotnet\shared\Microsoft.NETCore.App\2.1.5\System.IO.Pipes.dll</ModulePath>
      <ModuleTime>2018-09-18T18:04:56Z</ModuleTime>
      <ModuleName>System.IO.Pipes</ModuleName>
      <Classes />
    </Module>
    <Module skippedDueTo="Filter" hash="8B-83-3E-B5-EC-C6-FD-77-CF-2E-DD-FC-A4-50-21-37-84-8C-8B-59">
      <ModulePath>C:\Program Files\dotnet\shared\Microsoft.NETCore.App\2.1.5\System.Security.Principal.dll</ModulePath>
      <ModuleTime>2018-09-18T18:04:58Z</ModuleTime>
      <ModuleName>System.Security.Principal</ModuleName>
      <Classes />
    </Module>
    <Module skippedDueTo="Filter" hash="78-5B-65-E3-B7-74-D1-E4-43-0B-1E-6B-2E-D8-61-76-37-73-DC-AC">
      <ModulePath>C:\Program Files\dotnet\shared\Microsoft.NETCore.App\2.1.5\System.Private.CoreLib.dll</ModulePath>
      <ModuleTime>2018-09-18T18:04:58Z</ModuleTime>
      <ModuleName>System.Private.CoreLib</ModuleName>
      <Classes />
    </Module>
    <Module skippedDueTo="Filter" hash="98-44-1B-97-0A-F7-90-84-A0-B6-CC-13-DF-32-DC-91-E2-A7-39-44">
      <ModulePath>C:\Program Files\dotnet\sdk\2.1.403\MSBuild.dll</ModulePath>
      <ModuleTime>2018-09-20T12:52:12Z</ModuleTime>
      <ModuleName>MSBuild</ModuleName>
      <Classes />
    </Module>
    <Module skippedDueTo="Filter" hash="07-3B-7E-F7-10-B3-A8-D4-9E-D2-8C-5B-CE-55-62-9C-C7-46-DA-52">
      <ModulePath>C:\Program Files\dotnet\shared\Microsoft.NETCore.App\2.1.5\System.Runtime.dll</ModulePath>
      <ModuleTime>2018-09-18T18:04:58Z</ModuleTime>
      <ModuleName>System.Runtime</ModuleName>
      <Classes />
    </Module>
    <Module skippedDueTo="Filter" hash="F2-FC-C9-67-06-2F-CE-C1-93-2D-13-D1-A6-50-35-6F-C9-62-25-43">
      <ModulePath>C:\Program Files\dotnet\shared\Microsoft.NETCore.App\2.1.5\System.Runtime.Extensions.dll</ModulePath>
      <ModuleTime>2018-09-18T18:04:58Z</ModuleTime>
      <ModuleName>System.Runtime.Extensions</ModuleName>
      <Classes />
    </Module>
    <Module skippedDueTo="Filter" hash="AE-B7-2F-67-3C-68-95-0A-60-84-EA-FE-82-11-F8-0B-24-42-2A-3C">
      <ModulePath>C:\Program Files\dotnet\shared\Microsoft.NETCore.App\2.1.5\System.Threading.dll</ModulePath>
      <ModuleTime>2018-09-18T18:04:58Z</ModuleTime>
      <ModuleName>System.Threading</ModuleName>
      <Classes />
    </Module>
    <Module skippedDueTo="Filter" hash="6D-B3-BB-07-99-18-4F-19-2D-00-32-90-24-D6-A6-2F-63-FF-73-B4">
      <ModulePath>C:\Program Files\dotnet\shared\Microsoft.NETCore.App\2.1.5\System.Runtime.InteropServices.RuntimeInformation.dll</ModulePath>
      <ModuleTime>2018-09-18T18:04:58Z</ModuleTime>
      <ModuleName>System.Runtime.InteropServices.RuntimeInformation</ModuleName>
      <Classes />
    </Module>
    <Module skippedDueTo="Filter" hash="85-C4-E3-A3-24-8B-58-7B-77-23-D4-DF-AD-E7-32-BF-2C-1C-17-7E">
      <ModulePath>C:\Program Files\dotnet\shared\Microsoft.NETCore.App\2.1.5\System.Linq.dll</ModulePath>
      <ModuleTime>2018-09-18T18:04:56Z</ModuleTime>
      <ModuleName>System.Linq</ModuleName>
      <Classes />
    </Module>
    <Module skippedDueTo="Filter" hash="A8-AD-B0-4C-98-99-8F-DA-9E-C2-53-2C-9E-76-04-2F-B7-A5-A9-81">
      <ModulePath>C:\Program Files\dotnet\shared\Microsoft.NETCore.App\2.1.5\System.Text.RegularExpressions.dll</ModulePath>
      <ModuleTime>2018-09-18T18:04:58Z</ModuleTime>
      <ModuleName>System.Text.RegularExpressions</ModuleName>
      <Classes />
    </Module>
    <Module skippedDueTo="Filter" hash="AD-4B-42-A8-AA-0A-5B-64-5F-45-A4-88-6F-F0-75-D5-9C-6D-9D-40">
      <ModulePath>C:\Program Files\dotnet\shared\Microsoft.NETCore.App\2.1.5\System.Collections.dll</ModulePath>
      <ModuleTime>2018-09-18T18:04:56Z</ModuleTime>
      <ModuleName>System.Collections</ModuleName>
      <Classes />
    </Module>
    <Module skippedDueTo="Filter" hash="BD-05-94-09-F8-C1-18-72-8D-6A-A0-53-81-96-7F-42-E2-98-7F-60">
      <ModulePath>C:\Program Files\dotnet\shared\Microsoft.NETCore.App\2.1.5\System.Buffers.dll</ModulePath>
      <ModuleTime>2018-09-18T18:04:54Z</ModuleTime>
      <ModuleName>System.Buffers</ModuleName>
      <Classes />
    </Module>
    <Module skippedDueTo="Filter" hash="0E-24-61-FE-C1-44-3E-AA-65-15-92-BB-A6-70-AA-CD-2C-09-D4-39">
      <ModulePath>C:\Program Files\dotnet\shared\Microsoft.NETCore.App\2.1.5\System.IO.FileSystem.dll</ModulePath>
      <ModuleTime>2018-09-18T18:04:56Z</ModuleTime>
      <ModuleName>System.IO.FileSystem</ModuleName>
      <Classes />
    </Module>
    <Module skippedDueTo="Filter" hash="DD-77-1F-46-A9-50-7D-02-69-71-D9-5E-07-37-81-43-F5-EC-74-79">
      <ModulePath>C:\Program Files\dotnet\shared\Microsoft.NETCore.App\2.1.5\System.Memory.dll</ModulePath>
      <ModuleTime>2018-09-18T18:04:56Z</ModuleTime>
      <ModuleName>System.Memory</ModuleName>
      <Classes />
    </Module>
    <Module skippedDueTo="Filter" hash="6F-F6-F4-AD-36-F1-6D-BF-2A-C4-F3-09-19-14-9E-B2-D2-EA-E3-CF">
      <ModulePath>C:\Program Files\dotnet\shared\Microsoft.NETCore.App\2.1.5\System.Runtime.InteropServices.dll</ModulePath>
      <ModuleTime>2018-09-18T18:04:58Z</ModuleTime>
      <ModuleName>System.Runtime.InteropServices</ModuleName>
      <Classes />
    </Module>
    <Module skippedDueTo="Filter" hash="C3-ED-18-CA-70-65-81-26-E5-36-9C-31-67-35-76-F2-51-E0-53-4A">
      <ModulePath>C:\Program Files\dotnet\shared\Microsoft.NETCore.App\2.1.5\System.Console.dll</ModulePath>
      <ModuleTime>2018-09-18T18:04:56Z</ModuleTime>
      <ModuleName>System.Console</ModuleName>
      <Classes />
    </Module>
    <Module skippedDueTo="Filter" hash="FF-D1-B7-B0-D6-B6-DE-F7-B6-76-EE-2B-4B-F9-9E-B0-8A-B7-FF-AD">
      <ModulePath>C:\Program Files\dotnet\shared\Microsoft.NETCore.App\2.1.5\System.Diagnostics.Process.dll</ModulePath>
      <ModuleTime>2018-09-18T18:04:56Z</ModuleTime>
      <ModuleName>System.Diagnostics.Process</ModuleName>
      <Classes />
    </Module>
    <Module skippedDueTo="Filter" hash="38-06-4A-17-6D-EF-5A-A8-70-61-F3-2B-35-E9-CA-AD-A6-E1-DB-3A">
      <ModulePath>C:\Program Files\dotnet\shared\Microsoft.NETCore.App\2.1.5\System.ComponentModel.Primitives.dll</ModulePath>
      <ModuleTime>2018-09-18T18:04:56Z</ModuleTime>
      <ModuleName>System.ComponentModel.Primitives</ModuleName>
      <Classes />
    </Module>
    <Module skippedDueTo="Filter" hash="7E-5B-6A-40-07-BC-E9-14-59-7C-8D-04-37-3C-66-2C-76-B2-55-5F">
      <ModulePath>C:\Program Files\dotnet\sdk\2.1.403\Microsoft.Build.Framework.dll</ModulePath>
      <ModuleTime>2018-09-20T12:49:50Z</ModuleTime>
      <ModuleName>Microsoft.Build.Framework</ModuleName>
      <Classes />
    </Module>
    <Module skippedDueTo="Filter" hash="EC-E9-B7-25-58-AA-87-DE-6F-02-F3-C6-06-8C-64-F8-CB-F8-BE-A3">
      <ModulePath>C:\Program Files\dotnet\shared\Microsoft.NETCore.App\2.1.5\netstandard.dll</ModulePath>
      <ModuleTime>2018-09-18T18:04:58Z</ModuleTime>
      <ModuleName>netstandard</ModuleName>
      <Classes />
    </Module>
    <Module skippedDueTo="Filter" hash="84-29-F2-A0-40-5F-32-A1-CF-54-A7-28-60-64-7E-22-22-3D-95-E2">
      <ModulePath>C:\Program Files\dotnet\sdk\2.1.403\Microsoft.Build.dll</ModulePath>
      <ModuleTime>2018-09-20T12:49:56Z</ModuleTime>
      <ModuleName>Microsoft.Build</ModuleName>
      <Classes />
    </Module>
    <Module skippedDueTo="Filter" hash="6A-59-9A-F4-78-61-89-5E-36-DE-7C-82-02-41-32-3D-F9-8F-A8-B0">
      <ModulePath>C:\Program Files\dotnet\sdk\2.1.403\runtimes\win\lib\netcoreapp2.0\System.Text.Encoding.CodePages.dll</ModulePath>
      <ModuleTime>2018-09-20T12:48:32Z</ModuleTime>
      <ModuleName>System.Text.Encoding.CodePages</ModuleName>
      <Classes />
    </Module>
    <Module skippedDueTo="Filter" hash="7F-E1-F1-E3-CB-8B-FF-26-A3-B3-B6-70-FE-D9-D5-6E-CD-8A-D4-51">
      <ModulePath>C:\Program Files\dotnet\shared\Microsoft.NETCore.App\2.1.5\System.Collections.Concurrent.dll</ModulePath>
      <ModuleTime>2018-09-18T18:04:54Z</ModuleTime>
      <ModuleName>System.Collections.Concurrent</ModuleName>
      <Classes />
    </Module>
    <Module skippedDueTo="Filter" hash="D2-99-F6-C0-D7-33-EE-F5-F7-A5-7E-B3-C1-95-8E-F8-D5-85-12-A2">
      <ModulePath>C:\Program Files\dotnet\shared\Microsoft.NETCore.App\2.1.5\System.IO.Pipes.dll</ModulePath>
      <ModuleTime>2018-09-18T18:04:56Z</ModuleTime>
      <ModuleName>System.IO.Pipes</ModuleName>
      <Classes />
    </Module>
    <Module skippedDueTo="Filter" hash="47-F8-FB-4C-53-2E-CA-D1-E1-37-D2-AD-7E-01-AF-70-D2-DE-90-E7">
      <ModulePath>C:\Program Files\dotnet\shared\Microsoft.NETCore.App\2.1.5\System.Text.Encoding.Extensions.dll</ModulePath>
      <ModuleTime>2018-09-18T18:04:58Z</ModuleTime>
      <ModuleName>System.Text.Encoding.Extensions</ModuleName>
      <Classes />
    </Module>
    <Module skippedDueTo="Filter" hash="87-01-B7-47-67-58-4D-2F-8C-F1-6B-B5-59-D1-95-BA-7E-25-43-E0">
      <ModulePath>C:\Program Files\dotnet\shared\Microsoft.NETCore.App\2.1.5\System.Security.AccessControl.dll</ModulePath>
      <ModuleTime>2018-09-18T18:04:58Z</ModuleTime>
      <ModuleName>System.Security.AccessControl</ModuleName>
      <Classes />
    </Module>
    <Module skippedDueTo="Filter" hash="36-9C-B4-2B-D0-45-BC-CC-E8-14-56-70-B1-1F-8B-6B-EB-CE-38-1E">
      <ModulePath>C:\Program Files\dotnet\shared\Microsoft.NETCore.App\2.1.5\System.Security.Principal.Windows.dll</ModulePath>
      <ModuleTime>2018-09-18T18:04:58Z</ModuleTime>
      <ModuleName>System.Security.Principal.Windows</ModuleName>
      <Classes />
    </Module>
    <Module skippedDueTo="Filter" hash="F0-D0-F5-3D-63-E7-04-47-CE-D2-45-25-50-83-13-78-EC-72-14-86">
      <ModulePath>C:\Program Files\dotnet\shared\Microsoft.NETCore.App\2.1.5\System.Security.Claims.dll</ModulePath>
      <ModuleTime>2018-09-18T18:04:58Z</ModuleTime>
      <ModuleName>System.Security.Claims</ModuleName>
      <Classes />
    </Module>
    <Module skippedDueTo="Filter" hash="8B-83-3E-B5-EC-C6-FD-77-CF-2E-DD-FC-A4-50-21-37-84-8C-8B-59">
      <ModulePath>C:\Program Files\dotnet\shared\Microsoft.NETCore.App\2.1.5\System.Security.Principal.dll</ModulePath>
      <ModuleTime>2018-09-18T18:04:58Z</ModuleTime>
      <ModuleName>System.Security.Principal</ModuleName>
      <Classes />
    </Module>
    <Module skippedDueTo="Filter" hash="D2-11-03-7A-4F-83-4D-11-3A-9D-BC-B6-EE-8E-AA-57-4F-E0-81-38">
      <ModulePath>C:\Program Files\dotnet\shared\Microsoft.NETCore.App\2.1.5\System.Threading.Overlapped.dll</ModulePath>
      <ModuleTime>2018-09-18T18:04:58Z</ModuleTime>
      <ModuleName>System.Threading.Overlapped</ModuleName>
      <Classes />
    </Module>
    <Module skippedDueTo="Filter" hash="D2-11-03-7A-4F-83-4D-11-3A-9D-BC-B6-EE-8E-AA-57-4F-E0-81-38">
      <ModulePath>C:\Program Files\dotnet\shared\Microsoft.NETCore.App\2.1.5\System.Threading.Overlapped.dll</ModulePath>
      <ModuleTime>2018-09-18T18:04:58Z</ModuleTime>
      <ModuleName>System.Threading.Overlapped</ModuleName>
      <Classes />
    </Module>
    <Module skippedDueTo="Filter" hash="B2-BF-C7-7B-CD-20-AB-AF-26-2B-03-9A-94-2B-70-63-B5-04-A5-41">
      <ModulePath>C:\Program Files\dotnet\shared\Microsoft.NETCore.App\2.1.5\System.Threading.Thread.dll</ModulePath>
      <ModuleTime>2018-09-18T18:04:58Z</ModuleTime>
      <ModuleName>System.Threading.Thread</ModuleName>
      <Classes />
    </Module>
    <Module skippedDueTo="Filter" hash="87-01-B7-47-67-58-4D-2F-8C-F1-6B-B5-59-D1-95-BA-7E-25-43-E0">
      <ModulePath>C:\Program Files\dotnet\shared\Microsoft.NETCore.App\2.1.5\System.Security.AccessControl.dll</ModulePath>
      <ModuleTime>2018-09-18T18:04:58Z</ModuleTime>
      <ModuleName>System.Security.AccessControl</ModuleName>
      <Classes />
    </Module>
    <Module skippedDueTo="Filter" hash="36-9C-B4-2B-D0-45-BC-CC-E8-14-56-70-B1-1F-8B-6B-EB-CE-38-1E">
      <ModulePath>C:\Program Files\dotnet\shared\Microsoft.NETCore.App\2.1.5\System.Security.Principal.Windows.dll</ModulePath>
      <ModuleTime>2018-09-18T18:04:58Z</ModuleTime>
      <ModuleName>System.Security.Principal.Windows</ModuleName>
      <Classes />
    </Module>
    <Module skippedDueTo="Filter" hash="F0-D0-F5-3D-63-E7-04-47-CE-D2-45-25-50-83-13-78-EC-72-14-86">
      <ModulePath>C:\Program Files\dotnet\shared\Microsoft.NETCore.App\2.1.5\System.Security.Claims.dll</ModulePath>
      <ModuleTime>2018-09-18T18:04:58Z</ModuleTime>
      <ModuleName>System.Security.Claims</ModuleName>
      <Classes />
    </Module>
    <Module skippedDueTo="Filter" hash="B2-5A-6B-D6-FC-7F-4F-BC-08-81-CC-1C-3E-07-91-5D-CF-D9-20-17">
      <ModulePath>C:\Program Files\dotnet\shared\Microsoft.NETCore.App\2.1.5\System.Threading.Tasks.dll</ModulePath>
      <ModuleTime>2018-09-18T18:04:58Z</ModuleTime>
      <ModuleName>System.Threading.Tasks</ModuleName>
      <Classes />
    </Module>
    <Module skippedDueTo="Filter" hash="87-0B-26-AE-FB-8A-A1-0C-63-AC-B2-D5-30-88-FF-9E-97-E0-03-51">
      <ModulePath>C:\Program Files\dotnet\shared\Microsoft.NETCore.App\2.1.5\System.ObjectModel.dll</ModulePath>
      <ModuleTime>2018-09-18T18:04:56Z</ModuleTime>
      <ModuleName>System.ObjectModel</ModuleName>
      <Classes />
    </Module>
    <Module skippedDueTo="Filter" hash="18-DE-1E-7A-32-F5-8F-3A-FB-C1-D3-7E-12-BF-D5-D5-99-8A-1C-1D">
      <ModulePath>C:\Program Files\dotnet\shared\Microsoft.NETCore.App\2.1.5\System.Threading.Tasks.Dataflow.dll</ModulePath>
      <ModuleTime>2018-09-18T18:04:58Z</ModuleTime>
      <ModuleName>System.Threading.Tasks.Dataflow</ModuleName>
      <Classes />
    </Module>
    <Module skippedDueTo="Filter" hash="5A-03-86-EC-18-9B-3A-3C-0A-7A-AB-BF-D1-1F-E8-AB-32-C5-1A-79">
      <ModulePath>C:\Program Files\dotnet\shared\Microsoft.NETCore.App\2.1.5\System.Diagnostics.Tracing.dll</ModulePath>
      <ModuleTime>2018-09-18T18:04:56Z</ModuleTime>
      <ModuleName>System.Diagnostics.Tracing</ModuleName>
      <Classes />
    </Module>
    <Module skippedDueTo="Filter" hash="78-5B-65-E3-B7-74-D1-E4-43-0B-1E-6B-2E-D8-61-76-37-73-DC-AC">
      <ModulePath>C:\Program Files\dotnet\shared\Microsoft.NETCore.App\2.1.5\System.Private.CoreLib.dll</ModulePath>
      <ModuleTime>2018-09-18T18:04:58Z</ModuleTime>
      <ModuleName>System.Private.CoreLib</ModuleName>
      <Classes />
    </Module>
    <Module skippedDueTo="Filter" hash="4F-C4-FA-FA-B8-63-DA-B0-B7-66-DA-14-30-D0-F7-71-85-36-EB-F4">
      <ModulePath>C:\Program Files\dotnet\sdk\2.1.403\dotnet.dll</ModulePath>
      <ModuleTime>2018-09-20T12:48:04Z</ModuleTime>
      <ModuleName>dotnet</ModuleName>
      <Classes />
    </Module>
    <Module skippedDueTo="Filter" hash="FE-01-B5-DE-C7-87-68-FC-95-A8-0F-4E-E5-D2-E7-FB-95-FB-6F-FD">
      <ModulePath>C:\Program Files\dotnet\sdk\2.1.403\Microsoft.DotNet.Tools.MigrateCommand.dll</ModulePath>
      <ModuleTime>2018-09-20T12:49:50Z</ModuleTime>
      <ModuleName>Microsoft.DotNet.Tools.MigrateCommand</ModuleName>
      <Classes />
    </Module>
    <Module skippedDueTo="Filter" hash="F7-64-EC-72-0E-ED-5A-BD-B1-9B-C3-A0-08-DA-C7-0A-1C-9C-3A-AB">
      <ModulePath>C:\Program Files\dotnet\sdk\2.1.403\Microsoft.DotNet.Configurer.dll</ModulePath>
      <ModuleTime>2018-09-20T12:49:14Z</ModuleTime>
      <ModuleName>Microsoft.DotNet.Configurer</ModuleName>
      <Classes />
    </Module>
    <Module skippedDueTo="Filter" hash="D5-5B-DA-7C-23-2A-38-03-96-C7-72-BA-FB-30-F5-FF-14-80-B2-36">
      <ModulePath>C:\Program Files\dotnet\sdk\2.1.403\Microsoft.DotNet.Cli.Utils.dll</ModulePath>
      <ModuleTime>2018-09-20T12:49:54Z</ModuleTime>
      <ModuleName>Microsoft.DotNet.Cli.Utils</ModuleName>
      <Classes />
    </Module>
    <Module skippedDueTo="Filter" hash="43-B5-5B-71-CA-E2-58-33-1A-81-AE-07-04-E7-3A-AB-BF-C4-FF-0C">
      <ModulePath>C:\Program Files\dotnet\sdk\2.1.403\NuGet.Frameworks.dll</ModulePath>
      <ModuleTime>2018-09-20T12:51:28Z</ModuleTime>
      <ModuleName>NuGet.Frameworks</ModuleName>
      <Classes />
    </Module>
    <Module skippedDueTo="Filter" hash="77-7D-3C-2D-71-8F-30-B0-D9-FD-72-75-8F-ED-5E-E3-44-89-27-7F">
      <ModulePath>C:\Program Files\dotnet\shared\Microsoft.NETCore.App\2.1.5\System.Resources.ResourceManager.dll</ModulePath>
      <ModuleTime>2018-09-18T18:04:58Z</ModuleTime>
      <ModuleName>System.Resources.ResourceManager</ModuleName>
      <Classes />
    </Module>
    <Module skippedDueTo="Filter" hash="98-44-1B-97-0A-F7-90-84-A0-B6-CC-13-DF-32-DC-91-E2-A7-39-44">
      <ModulePath>C:\Program Files\dotnet\sdk\2.1.403\MSBuild.dll</ModulePath>
      <ModuleTime>2018-09-20T12:52:12Z</ModuleTime>
      <ModuleName>MSBuild</ModuleName>
      <Classes />
    </Module>
    <Module skippedDueTo="Filter" hash="07-3B-7E-F7-10-B3-A8-D4-9E-D2-8C-5B-CE-55-62-9C-C7-46-DA-52">
      <ModulePath>C:\Program Files\dotnet\shared\Microsoft.NETCore.App\2.1.5\System.Runtime.dll</ModulePath>
      <ModuleTime>2018-09-18T18:04:58Z</ModuleTime>
      <ModuleName>System.Runtime</ModuleName>
      <Classes />
    </Module>
    <Module skippedDueTo="Filter" hash="F2-FC-C9-67-06-2F-CE-C1-93-2D-13-D1-A6-50-35-6F-C9-62-25-43">
      <ModulePath>C:\Program Files\dotnet\shared\Microsoft.NETCore.App\2.1.5\System.Runtime.Extensions.dll</ModulePath>
      <ModuleTime>2018-09-18T18:04:58Z</ModuleTime>
      <ModuleName>System.Runtime.Extensions</ModuleName>
      <Classes />
    </Module>
    <Module skippedDueTo="Filter" hash="AE-B7-2F-67-3C-68-95-0A-60-84-EA-FE-82-11-F8-0B-24-42-2A-3C">
      <ModulePath>C:\Program Files\dotnet\shared\Microsoft.NETCore.App\2.1.5\System.Threading.dll</ModulePath>
      <ModuleTime>2018-09-18T18:04:58Z</ModuleTime>
      <ModuleName>System.Threading</ModuleName>
      <Classes />
    </Module>
    <Module skippedDueTo="Filter" hash="6D-B3-BB-07-99-18-4F-19-2D-00-32-90-24-D6-A6-2F-63-FF-73-B4">
      <ModulePath>C:\Program Files\dotnet\shared\Microsoft.NETCore.App\2.1.5\System.Runtime.InteropServices.RuntimeInformation.dll</ModulePath>
      <ModuleTime>2018-09-18T18:04:58Z</ModuleTime>
      <ModuleName>System.Runtime.InteropServices.RuntimeInformation</ModuleName>
      <Classes />
    </Module>
    <Module skippedDueTo="Filter" hash="85-C4-E3-A3-24-8B-58-7B-77-23-D4-DF-AD-E7-32-BF-2C-1C-17-7E">
      <ModulePath>C:\Program Files\dotnet\shared\Microsoft.NETCore.App\2.1.5\System.Linq.dll</ModulePath>
      <ModuleTime>2018-09-18T18:04:56Z</ModuleTime>
      <ModuleName>System.Linq</ModuleName>
      <Classes />
    </Module>
    <Module skippedDueTo="Filter" hash="A8-AD-B0-4C-98-99-8F-DA-9E-C2-53-2C-9E-76-04-2F-B7-A5-A9-81">
      <ModulePath>C:\Program Files\dotnet\shared\Microsoft.NETCore.App\2.1.5\System.Text.RegularExpressions.dll</ModulePath>
      <ModuleTime>2018-09-18T18:04:58Z</ModuleTime>
      <ModuleName>System.Text.RegularExpressions</ModuleName>
      <Classes />
    </Module>
    <Module skippedDueTo="Filter" hash="AD-4B-42-A8-AA-0A-5B-64-5F-45-A4-88-6F-F0-75-D5-9C-6D-9D-40">
      <ModulePath>C:\Program Files\dotnet\shared\Microsoft.NETCore.App\2.1.5\System.Collections.dll</ModulePath>
      <ModuleTime>2018-09-18T18:04:56Z</ModuleTime>
      <ModuleName>System.Collections</ModuleName>
      <Classes />
    </Module>
    <Module skippedDueTo="Filter" hash="BD-05-94-09-F8-C1-18-72-8D-6A-A0-53-81-96-7F-42-E2-98-7F-60">
      <ModulePath>C:\Program Files\dotnet\shared\Microsoft.NETCore.App\2.1.5\System.Buffers.dll</ModulePath>
      <ModuleTime>2018-09-18T18:04:54Z</ModuleTime>
      <ModuleName>System.Buffers</ModuleName>
      <Classes />
    </Module>
    <Module skippedDueTo="Filter" hash="0E-24-61-FE-C1-44-3E-AA-65-15-92-BB-A6-70-AA-CD-2C-09-D4-39">
      <ModulePath>C:\Program Files\dotnet\shared\Microsoft.NETCore.App\2.1.5\System.IO.FileSystem.dll</ModulePath>
      <ModuleTime>2018-09-18T18:04:56Z</ModuleTime>
      <ModuleName>System.IO.FileSystem</ModuleName>
      <Classes />
    </Module>
    <Module skippedDueTo="Filter" hash="DD-77-1F-46-A9-50-7D-02-69-71-D9-5E-07-37-81-43-F5-EC-74-79">
      <ModulePath>C:\Program Files\dotnet\shared\Microsoft.NETCore.App\2.1.5\System.Memory.dll</ModulePath>
      <ModuleTime>2018-09-18T18:04:56Z</ModuleTime>
      <ModuleName>System.Memory</ModuleName>
      <Classes />
    </Module>
    <Module skippedDueTo="Filter" hash="6F-F6-F4-AD-36-F1-6D-BF-2A-C4-F3-09-19-14-9E-B2-D2-EA-E3-CF">
      <ModulePath>C:\Program Files\dotnet\shared\Microsoft.NETCore.App\2.1.5\System.Runtime.InteropServices.dll</ModulePath>
      <ModuleTime>2018-09-18T18:04:58Z</ModuleTime>
      <ModuleName>System.Runtime.InteropServices</ModuleName>
      <Classes />
    </Module>
    <Module skippedDueTo="Filter" hash="C3-ED-18-CA-70-65-81-26-E5-36-9C-31-67-35-76-F2-51-E0-53-4A">
      <ModulePath>C:\Program Files\dotnet\shared\Microsoft.NETCore.App\2.1.5\System.Console.dll</ModulePath>
      <ModuleTime>2018-09-18T18:04:56Z</ModuleTime>
      <ModuleName>System.Console</ModuleName>
      <Classes />
    </Module>
    <Module skippedDueTo="Filter" hash="FF-D1-B7-B0-D6-B6-DE-F7-B6-76-EE-2B-4B-F9-9E-B0-8A-B7-FF-AD">
      <ModulePath>C:\Program Files\dotnet\shared\Microsoft.NETCore.App\2.1.5\System.Diagnostics.Process.dll</ModulePath>
      <ModuleTime>2018-09-18T18:04:56Z</ModuleTime>
      <ModuleName>System.Diagnostics.Process</ModuleName>
      <Classes />
    </Module>
    <Module skippedDueTo="Filter" hash="38-06-4A-17-6D-EF-5A-A8-70-61-F3-2B-35-E9-CA-AD-A6-E1-DB-3A">
      <ModulePath>C:\Program Files\dotnet\shared\Microsoft.NETCore.App\2.1.5\System.ComponentModel.Primitives.dll</ModulePath>
      <ModuleTime>2018-09-18T18:04:56Z</ModuleTime>
      <ModuleName>System.ComponentModel.Primitives</ModuleName>
      <Classes />
    </Module>
    <Module skippedDueTo="Filter" hash="7E-5B-6A-40-07-BC-E9-14-59-7C-8D-04-37-3C-66-2C-76-B2-55-5F">
      <ModulePath>C:\Program Files\dotnet\sdk\2.1.403\Microsoft.Build.Framework.dll</ModulePath>
      <ModuleTime>2018-09-20T12:49:50Z</ModuleTime>
      <ModuleName>Microsoft.Build.Framework</ModuleName>
      <Classes />
    </Module>
    <Module skippedDueTo="Filter" hash="EC-E9-B7-25-58-AA-87-DE-6F-02-F3-C6-06-8C-64-F8-CB-F8-BE-A3">
      <ModulePath>C:\Program Files\dotnet\shared\Microsoft.NETCore.App\2.1.5\netstandard.dll</ModulePath>
      <ModuleTime>2018-09-18T18:04:58Z</ModuleTime>
      <ModuleName>netstandard</ModuleName>
      <Classes />
    </Module>
    <Module skippedDueTo="Filter" hash="84-29-F2-A0-40-5F-32-A1-CF-54-A7-28-60-64-7E-22-22-3D-95-E2">
      <ModulePath>C:\Program Files\dotnet\sdk\2.1.403\Microsoft.Build.dll</ModulePath>
      <ModuleTime>2018-09-20T12:49:56Z</ModuleTime>
      <ModuleName>Microsoft.Build</ModuleName>
      <Classes />
    </Module>
    <Module skippedDueTo="Filter" hash="6A-59-9A-F4-78-61-89-5E-36-DE-7C-82-02-41-32-3D-F9-8F-A8-B0">
      <ModulePath>C:\Program Files\dotnet\sdk\2.1.403\runtimes\win\lib\netcoreapp2.0\System.Text.Encoding.CodePages.dll</ModulePath>
      <ModuleTime>2018-09-20T12:48:32Z</ModuleTime>
      <ModuleName>System.Text.Encoding.CodePages</ModuleName>
      <Classes />
    </Module>
    <Module skippedDueTo="Filter" hash="7F-E1-F1-E3-CB-8B-FF-26-A3-B3-B6-70-FE-D9-D5-6E-CD-8A-D4-51">
      <ModulePath>C:\Program Files\dotnet\shared\Microsoft.NETCore.App\2.1.5\System.Collections.Concurrent.dll</ModulePath>
      <ModuleTime>2018-09-18T18:04:54Z</ModuleTime>
      <ModuleName>System.Collections.Concurrent</ModuleName>
      <Classes />
    </Module>
    <Module skippedDueTo="Filter" hash="D2-99-F6-C0-D7-33-EE-F5-F7-A5-7E-B3-C1-95-8E-F8-D5-85-12-A2">
      <ModulePath>C:\Program Files\dotnet\shared\Microsoft.NETCore.App\2.1.5\System.IO.Pipes.dll</ModulePath>
      <ModuleTime>2018-09-18T18:04:56Z</ModuleTime>
      <ModuleName>System.IO.Pipes</ModuleName>
      <Classes />
    </Module>
    <Module skippedDueTo="Filter" hash="47-F8-FB-4C-53-2E-CA-D1-E1-37-D2-AD-7E-01-AF-70-D2-DE-90-E7">
      <ModulePath>C:\Program Files\dotnet\shared\Microsoft.NETCore.App\2.1.5\System.Text.Encoding.Extensions.dll</ModulePath>
      <ModuleTime>2018-09-18T18:04:58Z</ModuleTime>
      <ModuleName>System.Text.Encoding.Extensions</ModuleName>
      <Classes />
    </Module>
    <Module skippedDueTo="Filter" hash="87-01-B7-47-67-58-4D-2F-8C-F1-6B-B5-59-D1-95-BA-7E-25-43-E0">
      <ModulePath>C:\Program Files\dotnet\shared\Microsoft.NETCore.App\2.1.5\System.Security.AccessControl.dll</ModulePath>
      <ModuleTime>2018-09-18T18:04:58Z</ModuleTime>
      <ModuleName>System.Security.AccessControl</ModuleName>
      <Classes />
    </Module>
    <Module skippedDueTo="Filter" hash="36-9C-B4-2B-D0-45-BC-CC-E8-14-56-70-B1-1F-8B-6B-EB-CE-38-1E">
      <ModulePath>C:\Program Files\dotnet\shared\Microsoft.NETCore.App\2.1.5\System.Security.Principal.Windows.dll</ModulePath>
      <ModuleTime>2018-09-18T18:04:58Z</ModuleTime>
      <ModuleName>System.Security.Principal.Windows</ModuleName>
      <Classes />
    </Module>
    <Module skippedDueTo="Filter" hash="F0-D0-F5-3D-63-E7-04-47-CE-D2-45-25-50-83-13-78-EC-72-14-86">
      <ModulePath>C:\Program Files\dotnet\shared\Microsoft.NETCore.App\2.1.5\System.Security.Claims.dll</ModulePath>
      <ModuleTime>2018-09-18T18:04:58Z</ModuleTime>
      <ModuleName>System.Security.Claims</ModuleName>
      <Classes />
    </Module>
    <Module skippedDueTo="Filter" hash="8B-83-3E-B5-EC-C6-FD-77-CF-2E-DD-FC-A4-50-21-37-84-8C-8B-59">
      <ModulePath>C:\Program Files\dotnet\shared\Microsoft.NETCore.App\2.1.5\System.Security.Principal.dll</ModulePath>
      <ModuleTime>2018-09-18T18:04:58Z</ModuleTime>
      <ModuleName>System.Security.Principal</ModuleName>
      <Classes />
    </Module>
    <Module skippedDueTo="Filter" hash="D2-11-03-7A-4F-83-4D-11-3A-9D-BC-B6-EE-8E-AA-57-4F-E0-81-38">
      <ModulePath>C:\Program Files\dotnet\shared\Microsoft.NETCore.App\2.1.5\System.Threading.Overlapped.dll</ModulePath>
      <ModuleTime>2018-09-18T18:04:58Z</ModuleTime>
      <ModuleName>System.Threading.Overlapped</ModuleName>
      <Classes />
    </Module>
    <Module skippedDueTo="Filter" hash="B2-BF-C7-7B-CD-20-AB-AF-26-2B-03-9A-94-2B-70-63-B5-04-A5-41">
      <ModulePath>C:\Program Files\dotnet\shared\Microsoft.NETCore.App\2.1.5\System.Threading.Thread.dll</ModulePath>
      <ModuleTime>2018-09-18T18:04:58Z</ModuleTime>
      <ModuleName>System.Threading.Thread</ModuleName>
      <Classes />
    </Module>
    <Module skippedDueTo="Filter" hash="B2-5A-6B-D6-FC-7F-4F-BC-08-81-CC-1C-3E-07-91-5D-CF-D9-20-17">
      <ModulePath>C:\Program Files\dotnet\shared\Microsoft.NETCore.App\2.1.5\System.Threading.Tasks.dll</ModulePath>
      <ModuleTime>2018-09-18T18:04:58Z</ModuleTime>
      <ModuleName>System.Threading.Tasks</ModuleName>
      <Classes />
    </Module>
    <Module skippedDueTo="Filter" hash="73-3C-33-0B-B4-AA-4E-09-10-B5-EB-FE-F6-9C-A3-56-AD-63-EB-04">
      <ModulePath>C:\Program Files\dotnet\shared\Microsoft.NETCore.App\2.1.5\System.Xml.ReaderWriter.dll</ModulePath>
      <ModuleTime>2018-09-18T18:04:58Z</ModuleTime>
      <ModuleName>System.Xml.ReaderWriter</ModuleName>
      <Classes />
    </Module>
    <Module skippedDueTo="Filter" hash="87-0B-26-AE-FB-8A-A1-0C-63-AC-B2-D5-30-88-FF-9E-97-E0-03-51">
      <ModulePath>C:\Program Files\dotnet\shared\Microsoft.NETCore.App\2.1.5\System.ObjectModel.dll</ModulePath>
      <ModuleTime>2018-09-18T18:04:56Z</ModuleTime>
      <ModuleName>System.ObjectModel</ModuleName>
      <Classes />
    </Module>
    <Module skippedDueTo="Filter" hash="71-D4-AA-5F-75-3C-D4-4E-3A-D7-1F-5A-95-71-01-64-03-A7-75-9D">
      <ModulePath>C:\Program Files\dotnet\shared\Microsoft.NETCore.App\2.1.5\System.Private.Xml.dll</ModulePath>
      <ModuleTime>2018-09-18T18:04:56Z</ModuleTime>
      <ModuleName>System.Private.Xml</ModuleName>
      <Classes />
    </Module>
    <Module skippedDueTo="Filter" hash="86-78-D9-E0-1A-D5-AC-C7-AA-3A-66-EC-7C-B3-17-1A-DF-9E-2D-E2">
      <ModulePath>C:\Program Files\dotnet\shared\Microsoft.NETCore.App\2.1.5\System.Security.Cryptography.Algorithms.dll</ModulePath>
      <ModuleTime>2018-09-18T18:04:58Z</ModuleTime>
      <ModuleName>System.Security.Cryptography.Algorithms</ModuleName>
      <Classes />
    </Module>
    <Module skippedDueTo="Filter" hash="BE-29-42-A1-23-96-EE-52-06-CB-EB-C1-88-CD-53-1C-22-CB-A4-58">
      <ModulePath>C:\Program Files\dotnet\shared\Microsoft.NETCore.App\2.1.5\System.Private.Uri.dll</ModulePath>
      <ModuleTime>2018-09-18T18:04:56Z</ModuleTime>
      <ModuleName>System.Private.Uri</ModuleName>
      <Classes />
    </Module>
    <Module skippedDueTo="Filter" hash="18-DE-1E-7A-32-F5-8F-3A-FB-C1-D3-7E-12-BF-D5-D5-99-8A-1C-1D">
      <ModulePath>C:\Program Files\dotnet\shared\Microsoft.NETCore.App\2.1.5\System.Threading.Tasks.Dataflow.dll</ModulePath>
      <ModuleTime>2018-09-18T18:04:58Z</ModuleTime>
      <ModuleName>System.Threading.Tasks.Dataflow</ModuleName>
      <Classes />
    </Module>
    <Module skippedDueTo="Filter" hash="5A-03-86-EC-18-9B-3A-3C-0A-7A-AB-BF-D1-1F-E8-AB-32-C5-1A-79">
      <ModulePath>C:\Program Files\dotnet\shared\Microsoft.NETCore.App\2.1.5\System.Diagnostics.Tracing.dll</ModulePath>
      <ModuleTime>2018-09-18T18:04:56Z</ModuleTime>
      <ModuleName>System.Diagnostics.Tracing</ModuleName>
      <Classes />
    </Module>
[...]
                <SequencePoint vc="0" uspid="708" ordinal="2" offset="43" sl="84" sc="17" el="84" ec="18" bec="0" bev="0" fileid="99" />
              </SequencePoints>
              <BranchPoints />
              <MethodPoint xsi:type="SequencePoint" vc="0" uspid="706" ordinal="0" offset="0" sl="80" sc="17" el="80" ec="18" bec="0" bev="0" fileid="99" />
            </Method>
            <Method visited="false" cyclomaticComplexity="1" nPathComplexity="0" sequenceCoverage="0" branchCoverage="0" isConstructor="false" isStatic="false" isGetter="false" isSetter="false">
              <Summary numSequencePoints="4" visitedSequencePoints="0" numBranchPoints="1" visitedBranchPoints="0" sequenceCoverage="0" branchCoverage="0" maxCyclomaticComplexity="1" minCyclomaticComplexity="1" visitedClasses="0" numClasses="0" visitedMethods="0" numMethods="1" />
              <MetadataToken>100663359</MetadataToken>
              <Name>System.Void WgWall.Migrations.Migrations.MyDbContextModelSnapshot/&lt;&gt;c::&lt;BuildModel&gt;b__0_4(Microsoft.EntityFrameworkCore.Metadata.Builders.EntityTypeBuilder)</Name>
              <FileRef uid="99" />
              <SequencePoints>
                <SequencePoint vc="0" uspid="709" ordinal="0" offset="0" sl="87" sc="17" el="87" ec="18" bec="0" bev="0" fileid="99" />
                <SequencePoint vc="0" uspid="710" ordinal="1" offset="1" sl="88" sc="21" el="90" ec="54" bec="0" bev="0" fileid="99" />
                <SequencePoint vc="0" uspid="711" ordinal="2" offset="47" sl="92" sc="21" el="94" ec="55" bec="0" bev="0" fileid="99" />
                <SequencePoint vc="0" uspid="712" ordinal="3" offset="89" sl="95" sc="17" el="95" ec="18" bec="0" bev="0" fileid="99" />
              </SequencePoints>
              <BranchPoints />
              <MethodPoint xsi:type="SequencePoint" vc="0" uspid="709" ordinal="0" offset="0" sl="87" sc="17" el="87" ec="18" bec="0" bev="0" fileid="99" />
            </Method>
          </Methods>
        </Class>
      </Classes>
    </Module>
    <Module skippedDueTo="Filter" hash="0A-EE-68-94-79-59-F8-E2-F8-97-D1-BB-E2-C8-C1-E3-3C-46-36-81">
      <ModulePath>C:\Program Files\dotnet\sdk\NuGetFallbackFolder\microsoft.data.sqlite.core\2.1.0\lib\netstandard2.0\Microsoft.Data.Sqlite.dll</ModulePath>
      <ModuleTime>2018-10-15T08:59:06.9293126Z</ModuleTime>
      <ModuleName>Microsoft.Data.Sqlite</ModuleName>
      <Classes />
    </Module>
    <Module skippedDueTo="Filter" hash="1A-5F-3C-F1-C2-EC-F7-01-12-B7-CC-98-5D-51-63-55-9E-AB-F2-84">
      <ModulePath>C:\Program Files\dotnet\sdk\NuGetFallbackFolder\sqlitepclraw.bundle_green\1.1.11\lib\netcoreapp\SQLitePCLRaw.batteries_v2.dll</ModulePath>
      <ModuleTime>2018-10-15T08:59:04.3416474Z</ModuleTime>
      <ModuleName>SQLitePCLRaw.batteries_v2</ModuleName>
      <Classes />
    </Module>
    <Module skippedDueTo="Filter" hash="F6-1C-1C-18-9C-7F-1B-84-DD-60-CE-6E-7E-29-E4-C0-8A-C6-26-CB">
      <ModulePath>C:\Program Files\dotnet\sdk\NuGetFallbackFolder\sqlitepclraw.provider.e_sqlite3.netstandard11\1.1.11\lib\netstandard1.1\SQLitePCLRaw.provider.e_sqlite3.dll</ModulePath>
      <ModuleTime>2018-10-15T08:59:04.5281488Z</ModuleTime>
      <ModuleName>SQLitePCLRaw.provider.e_sqlite3</ModuleName>
      <Classes />
    </Module>
    <Module skippedDueTo="Filter" hash="6C-F6-B7-EE-51-83-35-A6-0C-CD-72-CB-14-46-61-FB-37-E7-FD-A3">
      <ModulePath>C:\Program Files\dotnet\sdk\NuGetFallbackFolder\sqlitepclraw.core\1.1.11\lib\netstandard1.1\SQLitePCLRaw.core.dll</ModulePath>
      <ModuleTime>2018-10-15T08:59:04.416447Z</ModuleTime>
      <ModuleName>SQLitePCLRaw.core</ModuleName>
      <Classes />
    </Module>
    <Module skippedDueTo="Filter" hash="4E-C8-C8-24-CF-FA-AE-20-D8-AF-CB-23-F9-10-86-78-2F-57-70-5A">
      <ModulePath>C:\Program Files\dotnet\shared\Microsoft.NETCore.App\2.1.5\System.Security.Cryptography.Primitives.dll</ModulePath>
      <ModuleTime>2018-09-18T18:04:58Z</ModuleTime>
      <ModuleName>System.Security.Cryptography.Primitives</ModuleName>
      <Classes />
    </Module>
    <Module skippedDueTo="Filter" hash="2B-53-C5-36-46-78-0F-AD-DC-02-01-39-C7-33-9B-ED-91-07-DC-BF">
      <ModulePath>C:\Program Files\dotnet\shared\Microsoft.NETCore.App\2.1.5\System.ComponentModel.TypeConverter.dll</ModulePath>
      <ModuleTime>2018-09-18T18:04:56Z</ModuleTime>
      <ModuleName>System.ComponentModel.TypeConverter</ModuleName>
      <Classes />
    </Module>
    <Module skippedDueTo="Filter" hash="44-1A-61-CF-84-69-64-D1-ED-EF-DF-45-5A-74-EE-59-17-B0-1A-E8">
      <ModulePath>C:\Program Files\dotnet\shared\Microsoft.NETCore.App\2.1.5\System.ComponentModel.dll</ModulePath>
      <ModuleTime>2018-09-18T18:04:56Z</ModuleTime>
      <ModuleName>System.ComponentModel</ModuleName>
      <Classes />
    </Module>
    <Module skippedDueTo="Filter" hash="7C-08-5C-A2-66-0F-2E-C1-00-00-45-0A-2A-6B-FA-77-78-93-77-4A">
      <ModulePath>C:\Program Files\dotnet\shared\Microsoft.NETCore.App\2.1.5\System.Runtime.Serialization.Json.dll</ModulePath>
      <ModuleTime>2018-09-18T18:04:58Z</ModuleTime>
      <ModuleName>System.Runtime.Serialization.Json</ModuleName>
      <Classes />
    </Module>
    <Module skippedDueTo="Filter" hash="ED-87-77-EB-06-5C-25-38-EA-A2-64-64-F0-7F-76-6E-16-30-29-41">
      <ModulePath>C:\Program Files\dotnet\shared\Microsoft.NETCore.App\2.1.5\System.Private.DataContractSerialization.dll</ModulePath>
      <ModuleTime>2018-09-18T18:04:56Z</ModuleTime>
      <ModuleName>System.Private.DataContractSerialization</ModuleName>
      <Classes />
    </Module>
    <Module skippedDueTo="Filter" hash="B0-6F-E5-10-47-6C-6B-17-51-3D-59-EC-A7-E5-94-28-CA-F0-D2-60">
      <ModulePath>C:\Program Files\dotnet\shared\Microsoft.NETCore.App\2.1.5\System.Reflection.Emit.ILGeneration.dll</ModulePath>
      <ModuleTime>2018-09-18T18:04:56Z</ModuleTime>
      <ModuleName>System.Reflection.Emit.ILGeneration</ModuleName>
      <Classes />
    </Module>
    <Module skippedDueTo="Filter" hash="2B-70-75-20-3F-A0-63-0D-9B-C0-FC-58-AB-05-03-E3-86-AF-A4-3B">
      <ModulePath>C:\Program Files\dotnet\shared\Microsoft.NETCore.App\2.1.5\System.Reflection.Emit.Lightweight.dll</ModulePath>
      <ModuleTime>2018-09-18T18:04:56Z</ModuleTime>
      <ModuleName>System.Reflection.Emit.Lightweight</ModuleName>
      <Classes />
    </Module>
    <Module skippedDueTo="Filter" hash="39-8B-26-04-DA-BD-C0-17-61-A9-66-EC-9E-E2-67-87-CD-31-CC-3C">
      <ModulePath>C:\Program Files\dotnet\shared\Microsoft.NETCore.App\2.1.5\System.Reflection.Primitives.dll</ModulePath>
      <ModuleTime>2018-09-18T18:04:58Z</ModuleTime>
      <ModuleName>System.Reflection.Primitives</ModuleName>
      <Classes />
    </Module>
    <Module skippedDueTo="Filter" hash="70-D6-0C-95-B1-D7-0E-21-33-41-10-AA-12-11-1B-EB-4F-7E-F0-7A">
      <ModulePath>C:\Program Files\dotnet\shared\Microsoft.AspNetCore.App\2.1.5\Microsoft.AspNetCore.Diagnostics.dll</ModulePath>
      <ModuleTime>2018-09-20T13:08:30Z</ModuleTime>
      <ModuleName>Microsoft.AspNetCore.Diagnostics</ModuleName>
      <Classes />
    </Module>
    <Module skippedDueTo="Filter" hash="2F-B1-A5-77-B8-BA-41-E2-15-EB-FA-1C-DB-AA-12-07-10-B4-0B-33">
      <ModulePath>C:\Program Files\dotnet\shared\Microsoft.AspNetCore.App\2.1.5\Microsoft.AspNetCore.HttpsPolicy.dll</ModulePath>
      <ModuleTime>2018-09-20T13:08:30Z</ModuleTime>
      <ModuleName>Microsoft.AspNetCore.HttpsPolicy</ModuleName>
      <Classes />
    </Module>
    <Module skippedDueTo="Filter" hash="75-D6-1A-A9-D3-B2-36-47-11-89-40-8F-4D-52-03-EA-47-4D-9E-C5">
      <ModulePath>C:\Program Files\dotnet\shared\Microsoft.AspNetCore.App\2.1.5\Microsoft.AspNetCore.StaticFiles.dll</ModulePath>
      <ModuleTime>2018-09-20T13:08:24Z</ModuleTime>
      <ModuleName>Microsoft.AspNetCore.StaticFiles</ModuleName>
      <Classes />
    </Module>
    <Module skippedDueTo="Filter" hash="B2-0C-A7-DE-D7-EC-C9-E2-A6-2E-04-B2-1E-C5-FA-A9-78-49-9B-42">
      <ModulePath>C:\Program Files\dotnet\shared\Microsoft.AspNetCore.App\2.1.5\Microsoft.Extensions.Localization.Abstractions.dll</ModulePath>
      <ModuleTime>2018-09-20T13:08:26Z</ModuleTime>
      <ModuleName>Microsoft.Extensions.Localization.Abstractions</ModuleName>
      <Classes />
    </Module>
    <Module skippedDueTo="Filter" hash="E1-D9-59-66-F2-4D-CE-82-66-B8-DB-86-B9-EC-8C-E5-D4-E5-50-07">
      <ModulePath>C:\Program Files\dotnet\shared\Microsoft.AspNetCore.App\2.1.5\Microsoft.Net.Http.Headers.dll</ModulePath>
      <ModuleTime>2018-09-20T13:08:26Z</ModuleTime>
      <ModuleName>Microsoft.Net.Http.Headers</ModuleName>
      <Classes />
    </Module>
    <Module skippedDueTo="Filter" hash="34-B9-05-8A-D2-55-06-38-66-27-13-EB-90-F8-AC-9A-AC-9F-39-D5">
      <ModulePath>C:\Program Files\dotnet\shared\Microsoft.AspNetCore.App\2.1.5\Microsoft.AspNetCore.JsonPatch.dll</ModulePath>
      <ModuleTime>2018-09-20T13:08:28Z</ModuleTime>
      <ModuleName>Microsoft.AspNetCore.JsonPatch</ModuleName>
      <Classes />
    </Module>
    <Module skippedDueTo="Filter" hash="6C-7E-CA-5B-56-12-22-F2-E9-CA-5C-67-F3-33-C7-20-CE-0E-17-7A">
      <ModulePath>C:\Program Files\dotnet\shared\Microsoft.AspNetCore.App\2.1.5\Microsoft.Extensions.FileProviders.Composite.dll</ModulePath>
      <ModuleTime>2018-09-20T13:08:28Z</ModuleTime>
      <ModuleName>Microsoft.Extensions.FileProviders.Composite</ModuleName>
      <Classes />
    </Module>
    <Module skippedDueTo="Filter" hash="E8-F5-96-E1-8D-4D-46-86-20-55-07-21-38-A6-64-70-C9-F8-58-79">
      <ModulePath>C:\Program Files\dotnet\shared\Microsoft.AspNetCore.App\2.1.5\System.IO.Pipelines.dll</ModulePath>
      <ModuleTime>2018-09-20T13:08:32Z</ModuleTime>
      <ModuleName>System.IO.Pipelines</ModuleName>
      <Classes />
    </Module>
    <Module skippedDueTo="Filter" hash="ED-DB-FB-9E-36-1A-C0-E0-C5-D5-33-F2-C4-03-4D-96-03-B1-13-6C">
      <ModulePath>C:\Program Files\dotnet\shared\Microsoft.AspNetCore.App\2.1.5\Microsoft.AspNetCore.Diagnostics.Abstractions.dll</ModulePath>
      <ModuleTime>2018-09-20T13:08:26Z</ModuleTime>
      <ModuleName>Microsoft.AspNetCore.Diagnostics.Abstractions</ModuleName>
      <Classes />
    </Module>
    <Module skippedDueTo="Filter" hash="CD-0C-A4-76-2E-38-74-50-77-0B-9B-02-C4-64-E2-40-B6-42-C2-B9">
      <ModulePath>C:\Program Files\dotnet\shared\Microsoft.AspNetCore.App\2.1.5\Microsoft.AspNetCore.Http.Extensions.dll</ModulePath>
      <ModuleTime>2018-09-20T13:08:26Z</ModuleTime>
      <ModuleName>Microsoft.AspNetCore.Http.Extensions</ModuleName>
      <Classes />
    </Module>
    <Module skippedDueTo="Filter" hash="9C-A4-E9-E2-33-52-B5-7D-7B-D2-61-6F-81-FD-FA-B3-BD-DF-6C-98">
      <ModulePath>C:\Program Files\dotnet\shared\Microsoft.AspNetCore.App\2.1.5\Microsoft.Extensions.Configuration.Binder.dll</ModulePath>
      <ModuleTime>2018-09-20T13:08:26Z</ModuleTime>
      <ModuleName>Microsoft.Extensions.Configuration.Binder</ModuleName>
      <Classes />
    </Module>
    <Module skippedDueTo="Filter" hash="A2-48-1C-74-72-B9-44-60-D4-AD-D2-3F-C2-7D-3C-03-E0-8E-A6-C8">
      <ModulePath>C:\Program Files\dotnet\shared\Microsoft.AspNetCore.App\2.1.5\Microsoft.AspNetCore.Authentication.Cookies.dll</ModulePath>
      <ModuleTime>2018-09-20T13:08:28Z</ModuleTime>
      <ModuleName>Microsoft.AspNetCore.Authentication.Cookies</ModuleName>
      <Classes />
    </Module>
    <Module skippedDueTo="Filter" hash="D7-E1-1F-04-CF-7F-5D-C1-FF-F2-68-63-7E-BB-57-7F-49-24-B1-F9">
      <ModulePath>C:\Program Files\dotnet\shared\Microsoft.AspNetCore.App\2.1.5\Microsoft.AspNetCore.Authentication.dll</ModulePath>
      <ModuleTime>2018-09-20T13:08:28Z</ModuleTime>
      <ModuleName>Microsoft.AspNetCore.Authentication</ModuleName>
      <Classes />
    </Module>
    <Module skippedDueTo="Filter" hash="4F-09-0C-69-84-07-33-EB-ED-E6-39-EA-95-08-C9-FC-29-4B-9A-74">
      <ModulePath>C:\Program Files\dotnet\shared\Microsoft.AspNetCore.App\2.1.5\Microsoft.Extensions.Identity.Core.dll</ModulePath>
      <ModuleTime>2018-09-20T13:08:30Z</ModuleTime>
      <ModuleName>Microsoft.Extensions.Identity.Core</ModuleName>
      <Classes />
    </Module>
    <Module skippedDueTo="Filter" hash="C0-25-A7-79-CB-64-24-EA-80-AD-88-44-A4-ED-D6-5C-A6-F4-03-72">
      <ModulePath>C:\Program Files\dotnet\shared\Microsoft.AspNetCore.App\2.1.5\Microsoft.AspNetCore.Identity.dll</ModulePath>
      <ModuleTime>2018-09-20T13:08:32Z</ModuleTime>
      <ModuleName>Microsoft.AspNetCore.Identity</ModuleName>
      <Classes />
    </Module>
    <Module skippedDueTo="Filter" hash="63-A5-B5-96-32-75-2C-29-A0-03-3F-64-49-1B-13-88-1F-01-FA-1F">
      <ModulePath>C:\Program Files\dotnet\shared\Microsoft.NETCore.App\2.1.5\System.Net.WebSockets.dll</ModulePath>
      <ModuleTime>2018-09-18T18:04:56Z</ModuleTime>
      <ModuleName>System.Net.WebSockets</ModuleName>
      <Classes />
    </Module>
    <Module skippedDueTo="Filter" hash="22-8D-6C-1E-D9-61-49-56-38-92-07-48-DF-77-BA-54-D7-1D-C7-0C">
      <ModulePath>C:\Program Files\dotnet\shared\Microsoft.AspNetCore.App\2.1.5\Microsoft.AspNetCore.Html.Abstractions.dll</ModulePath>
      <ModuleTime>2018-09-20T13:08:26Z</ModuleTime>
      <ModuleName>Microsoft.AspNetCore.Html.Abstractions</ModuleName>
      <Classes />
    </Module>
    <Module skippedDueTo="Filter" hash="3F-77-B3-48-59-38-DF-34-FC-E2-9E-8A-C1-47-53-61-41-EE-35-27">
      <ModulePath>C:\Program Files\dotnet\shared\Microsoft.AspNetCore.App\2.1.5\Microsoft.CodeAnalysis.CSharp.dll</ModulePath>
      <ModuleTime>2018-09-20T13:08:32Z</ModuleTime>
      <ModuleName>Microsoft.CodeAnalysis.CSharp</ModuleName>
      <Classes />
    </Module>
    <Module skippedDueTo="Filter" hash="3D-52-80-D3-2F-E4-E9-9A-D4-68-4E-97-8D-2E-0C-1A-94-C3-47-2E">
      <ModulePath>C:\Program Files\dotnet\shared\Microsoft.NETCore.App\2.1.5\System.Threading.Tasks.Extensions.dll</ModulePath>
      <ModuleTime>2018-09-18T18:04:58Z</ModuleTime>
      <ModuleName>System.Threading.Tasks.Extensions</ModuleName>
      <Classes />
    </Module>
    <Module skippedDueTo="Filter" hash="E2-4A-55-E0-E4-C3-58-59-51-4B-1D-93-DA-49-E8-85-4A-5A-A8-25">
      <ModulePath>C:\Users\flmo\.nuget\packages\automapper\7.0.1\lib\netcoreapp2.0\AutoMapper.dll</ModulePath>
      <ModuleTime>2018-06-18T11:00:14Z</ModuleTime>
      <ModuleName>AutoMapper</ModuleName>
      <Classes />
    </Module>
    <Module skippedDueTo="Filter" hash="B0-A2-0D-67-BA-C4-B8-D9-F1-4B-24-44-53-30-4E-52-E3-F6-7D-53">
      <ModulePath>C:\Program Files\dotnet\shared\Microsoft.AspNetCore.App\2.1.5\Microsoft.AspNetCore.WebUtilities.dll</ModulePath>
      <ModuleTime>2018-09-20T13:08:26Z</ModuleTime>
      <ModuleName>Microsoft.AspNetCore.WebUtilities</ModuleName>
      <Classes />
    </Module>
    <Module skippedDueTo="Filter" hash="">
      <ModulePath>RefEmit_InMemoryManifestModule</ModulePath>
      <ModuleTime>0001-01-01T00:00:00</ModuleTime>
      <ModuleName>DynamicProxyGenAssembly2</ModuleName>
      <Classes />
    </Module>
    <Module skippedDueTo="Filter" hash="">
      <ModulePath>RefEmit_InMemoryManifestModule</ModulePath>
      <ModuleTime>0001-01-01T00:00:00</ModuleTime>
      <ModuleName>DynamicProxyGenAssembly2</ModuleName>
      <Classes />
    </Module>
    <Module skippedDueTo="Filter" hash="">
      <ModulePath>RefEmit_InMemoryManifestModule</ModulePath>
      <ModuleTime>0001-01-01T00:00:00</ModuleTime>
      <ModuleName>DynamicProxyGenAssembly2</ModuleName>
      <Classes />
    </Module>
    <Module skippedDueTo="Filter" hash="">
      <ModulePath>RefEmit_InMemoryManifestModule</ModulePath>
      <ModuleTime>0001-01-01T00:00:00</ModuleTime>
      <ModuleName>DynamicProxyGenAssembly2</ModuleName>
      <Classes />
    </Module>
    <Module skippedDueTo="Filter" hash="">
      <ModulePath>RefEmit_InMemoryManifestModule</ModulePath>
      <ModuleTime>0001-01-01T00:00:00</ModuleTime>
      <ModuleName>DynamicProxyGenAssembly2</ModuleName>
      <Classes />
    </Module>
    <Module skippedDueTo="Filter" hash="">
      <ModulePath>RefEmit_InMemoryManifestModule</ModulePath>
      <ModuleTime>0001-01-01T00:00:00</ModuleTime>
      <ModuleName>DynamicProxyGenAssembly2</ModuleName>
      <Classes />
    </Module>
    <Module skippedDueTo="Filter" hash="48-1D-9C-73-75-0F-B2-B2-A5-7B-27-4C-DC-2D-10-F7-BE-74-7C-F1">
      <ModulePath>C:\Program Files\dotnet\shared\Microsoft.NETCore.App\2.1.5\System.Collections.Specialized.dll</ModulePath>
      <ModuleTime>2018-09-18T18:04:56Z</ModuleTime>
      <ModuleName>System.Collections.Specialized</ModuleName>
      <Classes />
    </Module>
    <Module skippedDueTo="Filter" hash="BF-04-13-7B-F2-EC-5C-CE-B5-7F-FA-D3-55-43-05-62-00-B0-1A-33">
      <ModulePath>C:\Program Files\dotnet\shared\Microsoft.NETCore.App\2.1.5\System.Drawing.Primitives.dll</ModulePath>
      <ModuleTime>2018-09-18T18:04:56Z</ModuleTime>
      <ModuleName>System.Drawing.Primitives</ModuleName>
      <Classes />
    </Module>
    <Module skippedDueTo="Filter" hash="">
      <ModulePath>RefEmit_InMemoryManifestModule</ModulePath>
      <ModuleTime>0001-01-01T00:00:00</ModuleTime>
      <ModuleName>DynamicProxyGenAssembly2</ModuleName>
      <Classes />
    </Module>
    <Module skippedDueTo="Filter" hash="">
      <ModulePath>RefEmit_InMemoryManifestModule</ModulePath>
      <ModuleTime>0001-01-01T00:00:00</ModuleTime>
      <ModuleName>DynamicProxyGenAssembly2</ModuleName>
      <Classes />
    </Module>
    <Module skippedDueTo="Filter" hash="">
      <ModulePath>RefEmit_InMemoryManifestModule</ModulePath>
      <ModuleTime>0001-01-01T00:00:00</ModuleTime>
      <ModuleName>DynamicProxyGenAssembly2</ModuleName>
      <Classes />
    </Module>
    <Module skippedDueTo="Filter" hash="">
      <ModulePath>RefEmit_InMemoryManifestModule</ModulePath>
      <ModuleTime>0001-01-01T00:00:00</ModuleTime>
      <ModuleName>DynamicProxyGenAssembly2</ModuleName>
      <Classes />
    </Module>
    <Module skippedDueTo="Filter" hash="">
      <ModulePath>RefEmit_InMemoryManifestModule</ModulePath>
      <ModuleTime>0001-01-01T00:00:00</ModuleTime>
      <ModuleName>DynamicProxyGenAssembly2</ModuleName>
      <Classes />
    </Module>
    <Module skippedDueTo="Filter" hash="">
      <ModulePath>RefEmit_InMemoryManifestModule</ModulePath>
      <ModuleTime>0001-01-01T00:00:00</ModuleTime>
      <ModuleName>DynamicProxyGenAssembly2</ModuleName>
      <Classes />
    </Module>
    <Module skippedDueTo="Filter" hash="">
      <ModulePath>RefEmit_InMemoryManifestModule</ModulePath>
      <ModuleTime>0001-01-01T00:00:00</ModuleTime>
      <ModuleName>DynamicProxyGenAssembly2</ModuleName>
      <Classes />
    </Module>
    <Module skippedDueTo="Filter" hash="">
      <ModulePath>RefEmit_InMemoryManifestModule</ModulePath>
      <ModuleTime>0001-01-01T00:00:00</ModuleTime>
      <ModuleName>DynamicProxyGenAssembly2</ModuleName>
      <Classes />
    </Module>
    <Module skippedDueTo="Filter" hash="">
      <ModulePath>RefEmit_InMemoryManifestModule</ModulePath>
      <ModuleTime>0001-01-01T00:00:00</ModuleTime>
      <ModuleName>DynamicProxyGenAssembly2</ModuleName>
      <Classes />
    </Module>
    <Module skippedDueTo="Filter" hash="">
      <ModulePath>RefEmit_InMemoryManifestModule</ModulePath>
      <ModuleTime>0001-01-01T00:00:00</ModuleTime>
      <ModuleName>DynamicProxyGenAssembly2</ModuleName>
      <Classes />
    </Module>
    <Module skippedDueTo="Filter" hash="">
      <ModulePath>RefEmit_InMemoryManifestModule</ModulePath>
      <ModuleTime>0001-01-01T00:00:00</ModuleTime>
      <ModuleName>DynamicProxyGenAssembly2</ModuleName>
      <Classes />
    </Module>
    <Module skippedDueTo="Filter" hash="">
      <ModulePath>RefEmit_InMemoryManifestModule</ModulePath>
      <ModuleTime>0001-01-01T00:00:00</ModuleTime>
      <ModuleName>DynamicProxyGenAssembly2</ModuleName>
      <Classes />
    </Module>
  </Modules>
</CoverageSession>